{"/Users/zhangfan/Dropbox/HackReactor/frontend-capstone-wolverines/client/src/components/App.jsx": {"path":"/Users/zhangfan/Dropbox/HackReactor/frontend-capstone-wolverines/client/src/components/App.jsx","statementMap":{"0":{"start":{"line":13,"column":37},"end":{"line":13,"column":48}},"1":{"start":{"line":14,"column":32},"end":{"line":14,"column":44}},"2":{"start":{"line":16,"column":50},"end":{"line":16,"column":65}},"3":{"start":{"line":17,"column":35},"end":{"line":17,"column":47}},"4":{"start":{"line":19,"column":46},"end":{"line":19,"column":61}},"5":{"start":{"line":21,"column":38},"end":{"line":21,"column":49}},"6":{"start":{"line":23,"column":42},"end":{"line":23,"column":54}},"7":{"start":{"line":25,"column":2},"end":{"line":29,"column":8}},"8":{"start":{"line":26,"column":4},"end":{"line":28,"column":38}},"9":{"start":{"line":27,"column":26},"end":{"line":27,"column":52}},"10":{"start":{"line":27,"column":53},"end":{"line":27,"column":87}},"11":{"start":{"line":28,"column":20},"end":{"line":28,"column":36}},"12":{"start":{"line":31,"column":17},"end":{"line":31,"column":19}},"13":{"start":{"line":32,"column":2},"end":{"line":38,"column":4}},"14":{"start":{"line":33,"column":4},"end":{"line":37,"column":5}},"15":{"start":{"line":34,"column":6},"end":{"line":34,"column":87}},"16":{"start":{"line":36,"column":6},"end":{"line":36,"column":85}},"17":{"start":{"line":40,"column":2},"end":{"line":40,"column":28}},"18":{"start":{"line":43,"column":4},"end":{"line":47,"column":6}},"19":{"start":{"line":44,"column":6},"end":{"line":46,"column":7}},"20":{"start":{"line":45,"column":8},"end":{"line":45,"column":29}},"21":{"start":{"line":51,"column":4},"end":{"line":51,"column":28}},"22":{"start":{"line":52,"column":4},"end":{"line":56,"column":6}},"23":{"start":{"line":53,"column":6},"end":{"line":55,"column":7}},"24":{"start":{"line":54,"column":8},"end":{"line":54,"column":29}},"25":{"start":{"line":59,"column":23},"end":{"line":63,"column":3}},"26":{"start":{"line":60,"column":4},"end":{"line":62,"column":38}},"27":{"start":{"line":61,"column":27},"end":{"line":61,"column":53}},"28":{"start":{"line":62,"column":20},"end":{"line":62,"column":36}},"29":{"start":{"line":66,"column":29},"end":{"line":68,"column":3}},"30":{"start":{"line":67,"column":4},"end":{"line":67,"column":43}},"31":{"start":{"line":70,"column":27},"end":{"line":74,"column":3}},"32":{"start":{"line":71,"column":4},"end":{"line":71,"column":39}},"33":{"start":{"line":72,"column":4},"end":{"line":72,"column":22}},"34":{"start":{"line":73,"column":4},"end":{"line":73,"column":26}},"35":{"start":{"line":77,"column":25},"end":{"line":81,"column":3}},"36":{"start":{"line":78,"column":4},"end":{"line":78,"column":31}},"37":{"start":{"line":79,"column":4},"end":{"line":79,"column":19}},"38":{"start":{"line":80,"column":4},"end":{"line":80,"column":38}},"39":{"start":{"line":83,"column":23},"end":{"line":87,"column":3}},"40":{"start":{"line":84,"column":4},"end":{"line":84,"column":29}},"41":{"start":{"line":85,"column":4},"end":{"line":85,"column":19}},"42":{"start":{"line":86,"column":4},"end":{"line":86,"column":36}},"43":{"start":{"line":90,"column":20},"end":{"line":92,"column":3}},"44":{"start":{"line":91,"column":4},"end":{"line":91,"column":31}},"45":{"start":{"line":94,"column":20},"end":{"line":96,"column":3}},"46":{"start":{"line":95,"column":4},"end":{"line":95,"column":29}},"47":{"start":{"line":99,"column":25},"end":{"line":101,"column":3}},"48":{"start":{"line":100,"column":4},"end":{"line":100,"column":22}},"49":{"start":{"line":103,"column":2},"end":{"line":128,"column":3}}},"fnMap":{"0":{"name":"App","decl":{"start":{"line":10,"column":9},"end":{"line":10,"column":12}},"loc":{"start":{"line":10,"column":16},"end":{"line":129,"column":1}},"line":10},"1":{"name":"(anonymous_1)","decl":{"start":{"line":25,"column":12},"end":{"line":25,"column":13}},"loc":{"start":{"line":25,"column":18},"end":{"line":29,"column":3}},"line":25},"2":{"name":"(anonymous_2)","decl":{"start":{"line":27,"column":12},"end":{"line":27,"column":13}},"loc":{"start":{"line":27,"column":25},"end":{"line":27,"column":88}},"line":27},"3":{"name":"(anonymous_3)","decl":{"start":{"line":28,"column":13},"end":{"line":28,"column":14}},"loc":{"start":{"line":28,"column":20},"end":{"line":28,"column":36}},"line":28},"4":{"name":"(anonymous_4)","decl":{"start":{"line":32,"column":15},"end":{"line":32,"column":16}},"loc":{"start":{"line":32,"column":28},"end":{"line":38,"column":3}},"line":32},"5":{"name":"searchProduct","decl":{"start":{"line":42,"column":11},"end":{"line":42,"column":24}},"loc":{"start":{"line":42,"column":31},"end":{"line":48,"column":3}},"line":42},"6":{"name":"(anonymous_6)","decl":{"start":{"line":43,"column":17},"end":{"line":43,"column":18}},"loc":{"start":{"line":43,"column":37},"end":{"line":47,"column":5}},"line":43},"7":{"name":"updateProduct","decl":{"start":{"line":50,"column":11},"end":{"line":50,"column":24}},"loc":{"start":{"line":50,"column":37},"end":{"line":57,"column":3}},"line":50},"8":{"name":"(anonymous_8)","decl":{"start":{"line":52,"column":17},"end":{"line":52,"column":18}},"loc":{"start":{"line":52,"column":37},"end":{"line":56,"column":5}},"line":52},"9":{"name":"(anonymous_9)","decl":{"start":{"line":59,"column":23},"end":{"line":59,"column":24}},"loc":{"start":{"line":59,"column":29},"end":{"line":63,"column":3}},"line":59},"10":{"name":"(anonymous_10)","decl":{"start":{"line":61,"column":12},"end":{"line":61,"column":13}},"loc":{"start":{"line":61,"column":26},"end":{"line":61,"column":54}},"line":61},"11":{"name":"(anonymous_11)","decl":{"start":{"line":62,"column":13},"end":{"line":62,"column":14}},"loc":{"start":{"line":62,"column":20},"end":{"line":62,"column":36}},"line":62},"12":{"name":"(anonymous_12)","decl":{"start":{"line":66,"column":29},"end":{"line":66,"column":30}},"loc":{"start":{"line":66,"column":35},"end":{"line":68,"column":3}},"line":66},"13":{"name":"(anonymous_13)","decl":{"start":{"line":70,"column":27},"end":{"line":70,"column":28}},"loc":{"start":{"line":70,"column":41},"end":{"line":74,"column":3}},"line":70},"14":{"name":"(anonymous_14)","decl":{"start":{"line":77,"column":25},"end":{"line":77,"column":26}},"loc":{"start":{"line":77,"column":31},"end":{"line":81,"column":3}},"line":77},"15":{"name":"(anonymous_15)","decl":{"start":{"line":83,"column":23},"end":{"line":83,"column":24}},"loc":{"start":{"line":83,"column":29},"end":{"line":87,"column":3}},"line":83},"16":{"name":"(anonymous_16)","decl":{"start":{"line":90,"column":20},"end":{"line":90,"column":21}},"loc":{"start":{"line":90,"column":26},"end":{"line":92,"column":3}},"line":90},"17":{"name":"(anonymous_17)","decl":{"start":{"line":94,"column":20},"end":{"line":94,"column":21}},"loc":{"start":{"line":94,"column":26},"end":{"line":96,"column":3}},"line":94},"18":{"name":"(anonymous_18)","decl":{"start":{"line":99,"column":25},"end":{"line":99,"column":26}},"loc":{"start":{"line":99,"column":33},"end":{"line":101,"column":3}},"line":99}},"branchMap":{"0":{"loc":{"start":{"line":33,"column":4},"end":{"line":37,"column":5}},"type":"if","locations":[{"start":{"line":33,"column":4},"end":{"line":37,"column":5}},{"start":{"line":35,"column":11},"end":{"line":37,"column":5}}],"line":33},"1":{"loc":{"start":{"line":44,"column":6},"end":{"line":46,"column":7}},"type":"if","locations":[{"start":{"line":44,"column":6},"end":{"line":46,"column":7}},{"start":{},"end":{}}],"line":44},"2":{"loc":{"start":{"line":53,"column":6},"end":{"line":55,"column":7}},"type":"if","locations":[{"start":{"line":53,"column":6},"end":{"line":55,"column":7}},{"start":{},"end":{}}],"line":53},"3":{"loc":{"start":{"line":106,"column":5},"end":{"line":126,"column":5}},"type":"cond-expr","locations":[{"start":{"line":107,"column":6},"end":{"line":123,"column":12}},{"start":{"line":125,"column":6},"end":{"line":125,"column":48}}],"line":106},"4":{"loc":{"start":{"line":108,"column":9},"end":{"line":116,"column":16}},"type":"cond-expr","locations":[{"start":{"line":109,"column":10},"end":{"line":109,"column":138}},{"start":{"line":112,"column":8},"end":{"line":116,"column":16}}],"line":108},"5":{"loc":{"start":{"line":108,"column":9},"end":{"line":108,"column":44}},"type":"binary-expr","locations":[{"start":{"line":108,"column":9},"end":{"line":108,"column":25}},{"start":{"line":108,"column":29},"end":{"line":108,"column":44}}],"line":108},"6":{"loc":{"start":{"line":112,"column":8},"end":{"line":116,"column":16}},"type":"cond-expr","locations":[{"start":{"line":113,"column":10},"end":{"line":113,"column":153}},{"start":{"line":116,"column":10},"end":{"line":116,"column":14}}],"line":112},"7":{"loc":{"start":{"line":112,"column":8},"end":{"line":112,"column":43}},"type":"binary-expr","locations":[{"start":{"line":112,"column":8},"end":{"line":112,"column":25}},{"start":{"line":112,"column":29},"end":{"line":112,"column":43}}],"line":112}},"s":{"0":2,"1":2,"2":2,"3":2,"4":2,"5":2,"6":2,"7":2,"8":2,"9":0,"10":0,"11":0,"12":2,"13":2,"14":0,"15":0,"16":0,"17":2,"18":0,"19":0,"20":0,"21":0,"22":0,"23":0,"24":0,"25":2,"26":0,"27":0,"28":0,"29":2,"30":0,"31":2,"32":0,"33":0,"34":0,"35":2,"36":0,"37":0,"38":0,"39":2,"40":0,"41":0,"42":0,"43":2,"44":0,"45":2,"46":0,"47":2,"48":0,"49":2},"f":{"0":2,"1":2,"2":0,"3":0,"4":0,"5":0,"6":0,"7":0,"8":0,"9":0,"10":0,"11":0,"12":0,"13":0,"14":0,"15":0,"16":0,"17":0,"18":0},"b":{"0":[0,0],"1":[0,0],"2":[0,0],"3":[0,2],"4":[0,0],"5":[0,0],"6":[0,0],"7":[0,0]},"_coverageSchema":"1a1c01bbd47fc00a2c39e90264f33305004495a9","hash":"000d37a617834662cbf05a9ed26301b41e14d43b"}
,"/Users/zhangfan/Dropbox/HackReactor/frontend-capstone-wolverines/client/src/components/Overview/Nav.jsx": {"path":"/Users/zhangfan/Dropbox/HackReactor/frontend-capstone-wolverines/client/src/components/Overview/Nav.jsx","statementMap":{"0":{"start":{"line":5,"column":30},"end":{"line":5,"column":40}},"1":{"start":{"line":6,"column":34},"end":{"line":6,"column":45}},"2":{"start":{"line":7,"column":34},"end":{"line":7,"column":45}},"3":{"start":{"line":10,"column":4},"end":{"line":10,"column":30}},"4":{"start":{"line":14,"column":4},"end":{"line":14,"column":40}},"5":{"start":{"line":18,"column":4},"end":{"line":18,"column":28}},"6":{"start":{"line":21,"column":2},"end":{"line":21,"column":91}},"7":{"start":{"line":22,"column":2},"end":{"line":22,"column":80}},"8":{"start":{"line":24,"column":2},"end":{"line":50,"column":3}},"9":{"start":{"line":29,"column":10},"end":{"line":34,"column":16}},"10":{"start":{"line":32,"column":42},"end":{"line":32,"column":119}},"11":{"start":{"line":32,"column":65},"end":{"line":32,"column":93}},"12":{"start":{"line":55,"column":21},"end":{"line":61,"column":1}},"13":{"start":{"line":63,"column":13},"end":{"line":69,"column":1}},"14":{"start":{"line":71,"column":18},"end":{"line":74,"column":1}},"15":{"start":{"line":76,"column":13},"end":{"line":80,"column":1}},"16":{"start":{"line":82,"column":12},"end":{"line":87,"column":1}},"17":{"start":{"line":89,"column":19},"end":{"line":97,"column":1}},"18":{"start":{"line":99,"column":17},"end":{"line":105,"column":1}},"19":{"start":{"line":107,"column":13},"end":{"line":116,"column":1}},"20":{"start":{"line":118,"column":18},"end":{"line":122,"column":1}},"21":{"start":{"line":124,"column":18},"end":{"line":128,"column":1}},"22":{"start":{"line":130,"column":20},"end":{"line":134,"column":1}},"23":{"start":{"line":136,"column":21},"end":{"line":140,"column":1}},"24":{"start":{"line":142,"column":16},"end":{"line":147,"column":1}}},"fnMap":{"0":{"name":"Nav","decl":{"start":{"line":4,"column":9},"end":{"line":4,"column":12}},"loc":{"start":{"line":4,"column":54},"end":{"line":51,"column":1}},"line":4},"1":{"name":"changeSearch","decl":{"start":{"line":9,"column":11},"end":{"line":9,"column":23}},"loc":{"start":{"line":9,"column":28},"end":{"line":11,"column":3}},"line":9},"2":{"name":"clickHandler","decl":{"start":{"line":13,"column":11},"end":{"line":13,"column":23}},"loc":{"start":{"line":13,"column":27},"end":{"line":15,"column":3}},"line":13},"3":{"name":"Darkmode","decl":{"start":{"line":17,"column":11},"end":{"line":17,"column":19}},"loc":{"start":{"line":17,"column":23},"end":{"line":19,"column":3}},"line":17},"4":{"name":"(anonymous_4)","decl":{"start":{"line":28,"column":39},"end":{"line":28,"column":40}},"loc":{"start":{"line":29,"column":10},"end":{"line":34,"column":16}},"line":29},"5":{"name":"(anonymous_5)","decl":{"start":{"line":32,"column":31},"end":{"line":32,"column":32}},"loc":{"start":{"line":32,"column":42},"end":{"line":32,"column":119}},"line":32},"6":{"name":"(anonymous_6)","decl":{"start":{"line":32,"column":59},"end":{"line":32,"column":60}},"loc":{"start":{"line":32,"column":65},"end":{"line":32,"column":93}},"line":32}},"branchMap":{"0":{"loc":{"start":{"line":21,"column":57},"end":{"line":21,"column":90}},"type":"cond-expr","locations":[{"start":{"line":21,"column":73},"end":{"line":21,"column":80}},{"start":{"line":21,"column":83},"end":{"line":21,"column":90}}],"line":21},"1":{"loc":{"start":{"line":22,"column":47},"end":{"line":22,"column":79}},"type":"cond-expr","locations":[{"start":{"line":22,"column":63},"end":{"line":22,"column":70}},{"start":{"line":22,"column":72},"end":{"line":22,"column":79}}],"line":22}},"s":{"0":0,"1":0,"2":0,"3":0,"4":0,"5":0,"6":0,"7":0,"8":0,"9":0,"10":0,"11":0,"12":2,"13":2,"14":2,"15":2,"16":2,"17":2,"18":2,"19":2,"20":2,"21":2,"22":2,"23":2,"24":2},"f":{"0":0,"1":0,"2":0,"3":0,"4":0,"5":0,"6":0},"b":{"0":[0,0],"1":[0,0]},"_coverageSchema":"1a1c01bbd47fc00a2c39e90264f33305004495a9","hash":"4fd9b61fc68cb6bb6e57f4fa3e263c6d2db4a40c"}
,"/Users/zhangfan/Dropbox/HackReactor/frontend-capstone-wolverines/client/src/components/Overview/Overview.jsx": {"path":"/Users/zhangfan/Dropbox/HackReactor/frontend-capstone-wolverines/client/src/components/Overview/Overview.jsx","statementMap":{"0":{"start":{"line":15,"column":28},"end":{"line":15,"column":40}},"1":{"start":{"line":16,"column":34},"end":{"line":16,"column":48}},"2":{"start":{"line":17,"column":30},"end":{"line":17,"column":41}},"3":{"start":{"line":18,"column":28},"end":{"line":18,"column":62}},"4":{"start":{"line":19,"column":34},"end":{"line":19,"column":45}},"5":{"start":{"line":20,"column":36},"end":{"line":20,"column":49}},"6":{"start":{"line":24,"column":17},"end":{"line":43,"column":3}},"7":{"start":{"line":25,"column":4},"end":{"line":36,"column":84}},"8":{"start":{"line":27,"column":20},"end":{"line":27,"column":44}},"9":{"start":{"line":28,"column":6},"end":{"line":28,"column":24}},"10":{"start":{"line":29,"column":6},"end":{"line":34,"column":7}},"11":{"start":{"line":29,"column":19},"end":{"line":29,"column":20}},"12":{"start":{"line":30,"column":8},"end":{"line":33,"column":9}},"13":{"start":{"line":31,"column":10},"end":{"line":31,"column":25}},"14":{"start":{"line":32,"column":10},"end":{"line":32,"column":16}},"15":{"start":{"line":36,"column":20},"end":{"line":36,"column":82}},"16":{"start":{"line":39,"column":4},"end":{"line":42,"column":84}},"17":{"start":{"line":40,"column":25},"end":{"line":40,"column":147}},"18":{"start":{"line":40,"column":81},"end":{"line":40,"column":108}},"19":{"start":{"line":41,"column":30},"end":{"line":41,"column":52}},"20":{"start":{"line":41,"column":53},"end":{"line":41,"column":72}},"21":{"start":{"line":42,"column":20},"end":{"line":42,"column":82}},"22":{"start":{"line":45,"column":2},"end":{"line":45,"column":37}},"23":{"start":{"line":48,"column":4},"end":{"line":48,"column":19}},"24":{"start":{"line":52,"column":4},"end":{"line":56,"column":5}},"25":{"start":{"line":53,"column":6},"end":{"line":53,"column":57}},"26":{"start":{"line":55,"column":6},"end":{"line":55,"column":41}},"27":{"start":{"line":59,"column":2},"end":{"line":93,"column":9}},"28":{"start":{"line":98,"column":24},"end":{"line":102,"column":1}},"29":{"start":{"line":104,"column":21},"end":{"line":107,"column":1}},"30":{"start":{"line":109,"column":20},"end":{"line":113,"column":1}},"31":{"start":{"line":115,"column":19},"end":{"line":120,"column":1}},"32":{"start":{"line":122,"column":20},"end":{"line":126,"column":1}},"33":{"start":{"line":128,"column":21},"end":{"line":132,"column":1}},"34":{"start":{"line":134,"column":20},"end":{"line":138,"column":1}},"35":{"start":{"line":140,"column":19},"end":{"line":144,"column":1}},"36":{"start":{"line":146,"column":15},"end":{"line":151,"column":1}},"37":{"start":{"line":153,"column":20},"end":{"line":157,"column":1}}},"fnMap":{"0":{"name":"Overview","decl":{"start":{"line":14,"column":9},"end":{"line":14,"column":17}},"loc":{"start":{"line":14,"column":68},"end":{"line":94,"column":1}},"line":14},"1":{"name":"(anonymous_1)","decl":{"start":{"line":24,"column":17},"end":{"line":24,"column":18}},"loc":{"start":{"line":24,"column":22},"end":{"line":43,"column":3}},"line":24},"2":{"name":"(anonymous_2)","decl":{"start":{"line":26,"column":10},"end":{"line":26,"column":11}},"loc":{"start":{"line":26,"column":23},"end":{"line":35,"column":5}},"line":26},"3":{"name":"(anonymous_3)","decl":{"start":{"line":36,"column":11},"end":{"line":36,"column":12}},"loc":{"start":{"line":36,"column":20},"end":{"line":36,"column":82}},"line":36},"4":{"name":"(anonymous_4)","decl":{"start":{"line":40,"column":10},"end":{"line":40,"column":11}},"loc":{"start":{"line":40,"column":23},"end":{"line":40,"column":148}},"line":40},"5":{"name":"(anonymous_5)","decl":{"start":{"line":40,"column":66},"end":{"line":40,"column":67}},"loc":{"start":{"line":40,"column":81},"end":{"line":40,"column":108}},"line":40},"6":{"name":"(anonymous_6)","decl":{"start":{"line":41,"column":10},"end":{"line":41,"column":11}},"loc":{"start":{"line":41,"column":29},"end":{"line":41,"column":73}},"line":41},"7":{"name":"(anonymous_7)","decl":{"start":{"line":42,"column":11},"end":{"line":42,"column":12}},"loc":{"start":{"line":42,"column":20},"end":{"line":42,"column":82}},"line":42},"8":{"name":"changeStyle","decl":{"start":{"line":47,"column":11},"end":{"line":47,"column":22}},"loc":{"start":{"line":47,"column":26},"end":{"line":49,"column":3}},"line":47},"9":{"name":"addYourOutfit","decl":{"start":{"line":51,"column":11},"end":{"line":51,"column":24}},"loc":{"start":{"line":51,"column":35},"end":{"line":57,"column":3}},"line":51}},"branchMap":{"0":{"loc":{"start":{"line":30,"column":8},"end":{"line":33,"column":9}},"type":"if","locations":[{"start":{"line":30,"column":8},"end":{"line":33,"column":9}},{"start":{},"end":{}}],"line":30},"1":{"loc":{"start":{"line":52,"column":4},"end":{"line":56,"column":5}},"type":"if","locations":[{"start":{"line":52,"column":4},"end":{"line":56,"column":5}},{"start":{"line":54,"column":11},"end":{"line":56,"column":5}}],"line":52},"2":{"loc":{"start":{"line":62,"column":5},"end":{"line":92,"column":76}},"type":"cond-expr","locations":[{"start":{"line":63,"column":6},"end":{"line":92,"column":10}},{"start":{"line":92,"column":15},"end":{"line":92,"column":75}}],"line":62},"3":{"loc":{"start":{"line":65,"column":11},"end":{"line":65,"column":106}},"type":"cond-expr","locations":[{"start":{"line":65,"column":32},"end":{"line":65,"column":79}},{"start":{"line":65,"column":84},"end":{"line":65,"column":105}}],"line":65},"4":{"loc":{"start":{"line":76,"column":13},"end":{"line":79,"column":59}},"type":"cond-expr","locations":[{"start":{"line":77,"column":13},"end":{"line":79,"column":28}},{"start":{"line":79,"column":33},"end":{"line":79,"column":58}}],"line":76},"5":{"loc":{"start":{"line":78,"column":14},"end":{"line":78,"column":229}},"type":"cond-expr","locations":[{"start":{"line":78,"column":56},"end":{"line":78,"column":97}},{"start":{"line":78,"column":102},"end":{"line":78,"column":228}}],"line":78},"6":{"loc":{"start":{"line":81,"column":13},"end":{"line":83,"column":140}},"type":"cond-expr","locations":[{"start":{"line":81,"column":34},"end":{"line":83,"column":115}},{"start":{"line":83,"column":120},"end":{"line":83,"column":139}}],"line":81},"7":{"loc":{"start":{"line":85,"column":13},"end":{"line":86,"column":251}},"type":"cond-expr","locations":[{"start":{"line":86,"column":13},"end":{"line":86,"column":144}},{"start":{"line":86,"column":149},"end":{"line":86,"column":250}}],"line":85}},"s":{"0":0,"1":0,"2":0,"3":0,"4":0,"5":0,"6":0,"7":0,"8":0,"9":0,"10":0,"11":0,"12":0,"13":0,"14":0,"15":0,"16":0,"17":0,"18":0,"19":0,"20":0,"21":0,"22":0,"23":0,"24":0,"25":0,"26":0,"27":0,"28":2,"29":2,"30":2,"31":2,"32":2,"33":2,"34":2,"35":2,"36":2,"37":2},"f":{"0":0,"1":0,"2":0,"3":0,"4":0,"5":0,"6":0,"7":0,"8":0,"9":0},"b":{"0":[0,0],"1":[0,0],"2":[0,0],"3":[0,0],"4":[0,0],"5":[0,0],"6":[0,0],"7":[0,0]},"_coverageSchema":"1a1c01bbd47fc00a2c39e90264f33305004495a9","hash":"dde567a512c710ed96a766ec20116878aefd7279"}
,"/Users/zhangfan/Dropbox/HackReactor/frontend-capstone-wolverines/client/src/components/Overview/Photos.jsx": {"path":"/Users/zhangfan/Dropbox/HackReactor/frontend-capstone-wolverines/client/src/components/Overview/Photos.jsx","statementMap":{"0":{"start":{"line":5,"column":32},"end":{"line":5,"column":43}},"1":{"start":{"line":6,"column":38},"end":{"line":6,"column":53}},"2":{"start":{"line":9,"column":4},"end":{"line":11,"column":5}},"3":{"start":{"line":10,"column":6},"end":{"line":10,"column":21}},"4":{"start":{"line":12,"column":4},"end":{"line":14,"column":5}},"5":{"start":{"line":13,"column":6},"end":{"line":13,"column":21}},"6":{"start":{"line":17,"column":12},"end":{"line":17,"column":28}},"7":{"start":{"line":19,"column":24},"end":{"line":27,"column":3}},"8":{"start":{"line":29,"column":2},"end":{"line":29,"column":82}},"9":{"start":{"line":31,"column":2},"end":{"line":57,"column":4}},"10":{"start":{"line":34,"column":64},"end":{"line":34,"column":96}},"11":{"start":{"line":37,"column":14},"end":{"line":43,"column":15}},"12":{"start":{"line":38,"column":16},"end":{"line":38,"column":141}},"13":{"start":{"line":40,"column":16},"end":{"line":42,"column":17}},"14":{"start":{"line":41,"column":18},"end":{"line":41,"column":176}},"15":{"start":{"line":41,"column":138},"end":{"line":41,"column":154}},"16":{"start":{"line":46,"column":64},"end":{"line":46,"column":96}},"17":{"start":{"line":50,"column":45},"end":{"line":50,"column":77}},"18":{"start":{"line":50,"column":108},"end":{"line":50,"column":140}},"19":{"start":{"line":52,"column":30},"end":{"line":52,"column":56}},"20":{"start":{"line":54,"column":46},"end":{"line":54,"column":78}},"21":{"start":{"line":54,"column":110},"end":{"line":54,"column":142}},"22":{"start":{"line":62,"column":15},"end":{"line":66,"column":1}},"23":{"start":{"line":68,"column":30},"end":{"line":74,"column":1}},"24":{"start":{"line":76,"column":17},"end":{"line":79,"column":1}},"25":{"start":{"line":81,"column":19},"end":{"line":86,"column":1}},"26":{"start":{"line":88,"column":19},"end":{"line":92,"column":1}},"27":{"start":{"line":94,"column":27},"end":{"line":99,"column":1}},"28":{"start":{"line":101,"column":18},"end":{"line":105,"column":1}},"29":{"start":{"line":107,"column":13},"end":{"line":114,"column":1}},"30":{"start":{"line":116,"column":13},"end":{"line":123,"column":1}}},"fnMap":{"0":{"name":"Photos","decl":{"start":{"line":4,"column":9},"end":{"line":4,"column":15}},"loc":{"start":{"line":4,"column":27},"end":{"line":58,"column":1}},"line":4},"1":{"name":"changeCurImage","decl":{"start":{"line":8,"column":11},"end":{"line":8,"column":25}},"loc":{"start":{"line":8,"column":34},"end":{"line":15,"column":3}},"line":8},"2":{"name":"(anonymous_2)","decl":{"start":{"line":34,"column":60},"end":{"line":34,"column":61}},"loc":{"start":{"line":34,"column":64},"end":{"line":34,"column":96}},"line":34},"3":{"name":"(anonymous_3)","decl":{"start":{"line":36,"column":22},"end":{"line":36,"column":23}},"loc":{"start":{"line":36,"column":47},"end":{"line":44,"column":13}},"line":36},"4":{"name":"(anonymous_4)","decl":{"start":{"line":41,"column":132},"end":{"line":41,"column":133}},"loc":{"start":{"line":41,"column":138},"end":{"line":41,"column":154}},"line":41},"5":{"name":"(anonymous_5)","decl":{"start":{"line":46,"column":60},"end":{"line":46,"column":61}},"loc":{"start":{"line":46,"column":64},"end":{"line":46,"column":96}},"line":46},"6":{"name":"(anonymous_6)","decl":{"start":{"line":50,"column":41},"end":{"line":50,"column":42}},"loc":{"start":{"line":50,"column":45},"end":{"line":50,"column":77}},"line":50},"7":{"name":"(anonymous_7)","decl":{"start":{"line":50,"column":104},"end":{"line":50,"column":105}},"loc":{"start":{"line":50,"column":108},"end":{"line":50,"column":140}},"line":50},"8":{"name":"(anonymous_8)","decl":{"start":{"line":52,"column":24},"end":{"line":52,"column":25}},"loc":{"start":{"line":52,"column":30},"end":{"line":52,"column":56}},"line":52},"9":{"name":"(anonymous_9)","decl":{"start":{"line":54,"column":42},"end":{"line":54,"column":43}},"loc":{"start":{"line":54,"column":46},"end":{"line":54,"column":78}},"line":54},"10":{"name":"(anonymous_10)","decl":{"start":{"line":54,"column":106},"end":{"line":54,"column":107}},"loc":{"start":{"line":54,"column":110},"end":{"line":54,"column":142}},"line":54}},"branchMap":{"0":{"loc":{"start":{"line":9,"column":4},"end":{"line":11,"column":5}},"type":"if","locations":[{"start":{"line":9,"column":4},"end":{"line":11,"column":5}},{"start":{},"end":{}}],"line":9},"1":{"loc":{"start":{"line":9,"column":8},"end":{"line":9,"column":31}},"type":"binary-expr","locations":[{"start":{"line":9,"column":8},"end":{"line":9,"column":22}},{"start":{"line":9,"column":26},"end":{"line":9,"column":31}}],"line":9},"2":{"loc":{"start":{"line":12,"column":4},"end":{"line":14,"column":5}},"type":"if","locations":[{"start":{"line":12,"column":4},"end":{"line":14,"column":5}},{"start":{},"end":{}}],"line":12},"3":{"loc":{"start":{"line":12,"column":8},"end":{"line":12,"column":31}},"type":"binary-expr","locations":[{"start":{"line":12,"column":8},"end":{"line":12,"column":22}},{"start":{"line":12,"column":26},"end":{"line":12,"column":31}}],"line":12},"4":{"loc":{"start":{"line":20,"column":11},"end":{"line":20,"column":32}},"type":"cond-expr","locations":[{"start":{"line":20,"column":23},"end":{"line":20,"column":27}},{"start":{"line":20,"column":29},"end":{"line":20,"column":32}}],"line":20},"5":{"loc":{"start":{"line":25,"column":12},"end":{"line":25,"column":46}},"type":"cond-expr","locations":[{"start":{"line":25,"column":24},"end":{"line":25,"column":34}},{"start":{"line":25,"column":37},"end":{"line":25,"column":46}}],"line":25},"6":{"loc":{"start":{"line":26,"column":14},"end":{"line":26,"column":45}},"type":"cond-expr","locations":[{"start":{"line":26,"column":26},"end":{"line":26,"column":34}},{"start":{"line":26,"column":37},"end":{"line":26,"column":45}}],"line":26},"7":{"loc":{"start":{"line":29,"column":54},"end":{"line":29,"column":81}},"type":"cond-expr","locations":[{"start":{"line":29,"column":67},"end":{"line":29,"column":73}},{"start":{"line":29,"column":74},"end":{"line":29,"column":81}}],"line":29},"8":{"loc":{"start":{"line":37,"column":14},"end":{"line":43,"column":15}},"type":"if","locations":[{"start":{"line":37,"column":14},"end":{"line":43,"column":15}},{"start":{"line":39,"column":21},"end":{"line":43,"column":15}}],"line":37},"9":{"loc":{"start":{"line":40,"column":16},"end":{"line":42,"column":17}},"type":"if","locations":[{"start":{"line":40,"column":16},"end":{"line":42,"column":17}},{"start":{},"end":{}}],"line":40},"10":{"loc":{"start":{"line":50,"column":9},"end":{"line":50,"column":200}},"type":"cond-expr","locations":[{"start":{"line":50,"column":26},"end":{"line":50,"column":87}},{"start":{"line":50,"column":89},"end":{"line":50,"column":200}}],"line":50},"11":{"loc":{"start":{"line":54,"column":9},"end":{"line":54,"column":201}},"type":"cond-expr","locations":[{"start":{"line":54,"column":27},"end":{"line":54,"column":88}},{"start":{"line":54,"column":91},"end":{"line":54,"column":201}}],"line":54}},"s":{"0":0,"1":0,"2":0,"3":0,"4":0,"5":0,"6":0,"7":0,"8":0,"9":0,"10":0,"11":0,"12":0,"13":0,"14":0,"15":0,"16":0,"17":0,"18":0,"19":0,"20":0,"21":0,"22":2,"23":2,"24":2,"25":2,"26":2,"27":2,"28":2,"29":2,"30":2},"f":{"0":0,"1":0,"2":0,"3":0,"4":0,"5":0,"6":0,"7":0,"8":0,"9":0,"10":0},"b":{"0":[0,0],"1":[0,0],"2":[0,0],"3":[0,0],"4":[0,0],"5":[0,0],"6":[0,0],"7":[0,0],"8":[0,0],"9":[0,0],"10":[0,0],"11":[0,0]},"_coverageSchema":"1a1c01bbd47fc00a2c39e90264f33305004495a9","hash":"498e3f32662b70ff456c5f7fa604d1199967656d"}
,"/Users/zhangfan/Dropbox/HackReactor/frontend-capstone-wolverines/client/src/components/Overview/Share.jsx": {"path":"/Users/zhangfan/Dropbox/HackReactor/frontend-capstone-wolverines/client/src/components/Overview/Share.jsx","statementMap":{"0":{"start":{"line":8,"column":2},"end":{"line":23,"column":6}},"1":{"start":{"line":28,"column":23},"end":{"line":31,"column":1}},"2":{"start":{"line":33,"column":18},"end":{"line":35,"column":1}}},"fnMap":{"0":{"name":"Share","decl":{"start":{"line":6,"column":9},"end":{"line":6,"column":14}},"loc":{"start":{"line":6,"column":30},"end":{"line":25,"column":1}},"line":6}},"branchMap":{},"s":{"0":0,"1":2,"2":2},"f":{"0":0},"b":{},"_coverageSchema":"1a1c01bbd47fc00a2c39e90264f33305004495a9","hash":"72518691c030b4bad8ac8f78f2c27bd9089b91d1"}
,"/Users/zhangfan/Dropbox/HackReactor/frontend-capstone-wolverines/client/src/components/Overview/Skus.jsx": {"path":"/Users/zhangfan/Dropbox/HackReactor/frontend-capstone-wolverines/client/src/components/Overview/Skus.jsx","statementMap":{"0":{"start":{"line":7,"column":32},"end":{"line":7,"column":43}},"1":{"start":{"line":8,"column":30},"end":{"line":8,"column":40}},"2":{"start":{"line":9,"column":30},"end":{"line":9,"column":41}},"3":{"start":{"line":10,"column":28},"end":{"line":10,"column":38}},"4":{"start":{"line":11,"column":30},"end":{"line":11,"column":40}},"5":{"start":{"line":12,"column":32},"end":{"line":12,"column":43}},"6":{"start":{"line":15,"column":4},"end":{"line":15,"column":41}},"7":{"start":{"line":16,"column":4},"end":{"line":16,"column":36}},"8":{"start":{"line":17,"column":4},"end":{"line":17,"column":18}},"9":{"start":{"line":18,"column":4},"end":{"line":18,"column":23}},"10":{"start":{"line":21,"column":22},"end":{"line":21,"column":24}},"11":{"start":{"line":22,"column":2},"end":{"line":25,"column":7}},"12":{"start":{"line":23,"column":4},"end":{"line":24,"column":67}},"13":{"start":{"line":24,"column":6},"end":{"line":24,"column":66}},"14":{"start":{"line":27,"column":22},"end":{"line":29,"column":101}},"15":{"start":{"line":31,"column":18},"end":{"line":31,"column":44}},"16":{"start":{"line":35,"column":23},"end":{"line":35,"column":116}},"17":{"start":{"line":35,"column":77},"end":{"line":35,"column":114}},"18":{"start":{"line":38,"column":4},"end":{"line":38,"column":23}},"19":{"start":{"line":42,"column":4},"end":{"line":50,"column":5}},"20":{"start":{"line":43,"column":6},"end":{"line":43,"column":20}},"21":{"start":{"line":45,"column":6},"end":{"line":47,"column":7}},"22":{"start":{"line":46,"column":8},"end":{"line":46,"column":28}},"23":{"start":{"line":48,"column":6},"end":{"line":48,"column":33}},"24":{"start":{"line":49,"column":6},"end":{"line":49,"column":44}},"25":{"start":{"line":54,"column":4},"end":{"line":58,"column":5}},"26":{"start":{"line":55,"column":6},"end":{"line":55,"column":23}},"27":{"start":{"line":57,"column":6},"end":{"line":57,"column":23}},"28":{"start":{"line":59,"column":4},"end":{"line":59,"column":28}},"29":{"start":{"line":62,"column":2},"end":{"line":90,"column":4}},"30":{"start":{"line":95,"column":21},"end":{"line":97,"column":1}},"31":{"start":{"line":99,"column":24},"end":{"line":101,"column":1}},"32":{"start":{"line":103,"column":19},"end":{"line":105,"column":1}},"33":{"start":{"line":107,"column":20},"end":{"line":110,"column":1}},"34":{"start":{"line":112,"column":19},"end":{"line":117,"column":1}},"35":{"start":{"line":119,"column":22},"end":{"line":122,"column":1}},"36":{"start":{"line":124,"column":13},"end":{"line":137,"column":1}},"37":{"start":{"line":139,"column":22},"end":{"line":150,"column":1}},"38":{"start":{"line":152,"column":19},"end":{"line":157,"column":1}},"39":{"start":{"line":159,"column":17},"end":{"line":164,"column":1}}},"fnMap":{"0":{"name":"Skus","decl":{"start":{"line":6,"column":9},"end":{"line":6,"column":13}},"loc":{"start":{"line":6,"column":38},"end":{"line":91,"column":1}},"line":6},"1":{"name":"changeSize","decl":{"start":{"line":14,"column":11},"end":{"line":14,"column":21}},"loc":{"start":{"line":14,"column":26},"end":{"line":19,"column":3}},"line":14},"2":{"name":"(anonymous_2)","decl":{"start":{"line":22,"column":24},"end":{"line":22,"column":25}},"loc":{"start":{"line":22,"column":33},"end":{"line":25,"column":5}},"line":22},"3":{"name":"(anonymous_3)","decl":{"start":{"line":35,"column":66},"end":{"line":35,"column":67}},"loc":{"start":{"line":35,"column":76},"end":{"line":35,"column":115}},"line":35},"4":{"name":"changeQuant","decl":{"start":{"line":37,"column":11},"end":{"line":37,"column":22}},"loc":{"start":{"line":37,"column":27},"end":{"line":39,"column":3}},"line":37},"5":{"name":"addCart","decl":{"start":{"line":41,"column":11},"end":{"line":41,"column":18}},"loc":{"start":{"line":41,"column":22},"end":{"line":51,"column":3}},"line":41},"6":{"name":"starClick","decl":{"start":{"line":53,"column":11},"end":{"line":53,"column":20}},"loc":{"start":{"line":53,"column":24},"end":{"line":60,"column":3}},"line":53}},"branchMap":{"0":{"loc":{"start":{"line":23,"column":4},"end":{"line":24,"column":67}},"type":"if","locations":[{"start":{"line":23,"column":4},"end":{"line":24,"column":67}},{"start":{},"end":{}}],"line":23},"1":{"loc":{"start":{"line":42,"column":4},"end":{"line":50,"column":5}},"type":"if","locations":[{"start":{"line":42,"column":4},"end":{"line":50,"column":5}},{"start":{"line":44,"column":11},"end":{"line":50,"column":5}}],"line":42},"2":{"loc":{"start":{"line":45,"column":6},"end":{"line":47,"column":7}},"type":"if","locations":[{"start":{"line":45,"column":6},"end":{"line":47,"column":7}},{"start":{},"end":{}}],"line":45},"3":{"loc":{"start":{"line":54,"column":4},"end":{"line":58,"column":5}},"type":"if","locations":[{"start":{"line":54,"column":4},"end":{"line":58,"column":5}},{"start":{"line":56,"column":11},"end":{"line":58,"column":5}}],"line":54},"4":{"loc":{"start":{"line":67,"column":11},"end":{"line":69,"column":71}},"type":"cond-expr","locations":[{"start":{"line":68,"column":10},"end":{"line":68,"column":37}},{"start":{"line":69,"column":12},"end":{"line":69,"column":71}}],"line":67},"5":{"loc":{"start":{"line":72,"column":11},"end":{"line":73,"column":64}},"type":"cond-expr","locations":[{"start":{"line":72,"column":19},"end":{"line":72,"column":123}},{"start":{"line":73,"column":12},"end":{"line":73,"column":64}}],"line":72},"6":{"loc":{"start":{"line":77,"column":9},"end":{"line":79,"column":79}},"type":"cond-expr","locations":[{"start":{"line":78,"column":10},"end":{"line":78,"column":91}},{"start":{"line":79,"column":10},"end":{"line":79,"column":79}}],"line":77},"7":{"loc":{"start":{"line":82,"column":9},"end":{"line":84,"column":125}},"type":"cond-expr","locations":[{"start":{"line":83,"column":10},"end":{"line":83,"column":131}},{"start":{"line":84,"column":10},"end":{"line":84,"column":125}}],"line":82}},"s":{"0":3,"1":3,"2":3,"3":3,"4":3,"5":3,"6":0,"7":0,"8":0,"9":0,"10":3,"11":3,"12":12,"13":12,"14":3,"15":3,"16":3,"17":0,"18":0,"19":1,"20":1,"21":0,"22":0,"23":0,"24":0,"25":0,"26":0,"27":0,"28":0,"29":3,"30":2,"31":2,"32":2,"33":2,"34":2,"35":2,"36":2,"37":2,"38":2,"39":2},"f":{"0":3,"1":0,"2":12,"3":0,"4":0,"5":1,"6":0},"b":{"0":[12,0],"1":[1,0],"2":[0,0],"3":[0,0],"4":[2,1],"5":[0,3],"6":[2,1],"7":[3,0]},"_coverageSchema":"1a1c01bbd47fc00a2c39e90264f33305004495a9","hash":"80be8e3b6e6d31c5e1855b41e968db0441b671c9"}
,"/Users/zhangfan/Dropbox/HackReactor/frontend-capstone-wolverines/client/src/components/Overview/Style.jsx": {"path":"/Users/zhangfan/Dropbox/HackReactor/frontend-capstone-wolverines/client/src/components/Overview/Style.jsx","statementMap":{"0":{"start":{"line":6,"column":21},"end":{"line":9,"column":8}},"1":{"start":{"line":7,"column":4},"end":{"line":7,"column":59}},"2":{"start":{"line":8,"column":4},"end":{"line":8,"column":23}},"3":{"start":{"line":11,"column":2},"end":{"line":23,"column":23}},"4":{"start":{"line":16,"column":8},"end":{"line":20,"column":9}},"5":{"start":{"line":17,"column":10},"end":{"line":17,"column":116}},"6":{"start":{"line":19,"column":10},"end":{"line":19,"column":120}},"7":{"start":{"line":19,"column":49},"end":{"line":19,"column":67}},"8":{"start":{"line":27,"column":23},"end":{"line":30,"column":1}},"9":{"start":{"line":32,"column":17},"end":{"line":35,"column":1}},"10":{"start":{"line":37,"column":26},"end":{"line":40,"column":1}},"11":{"start":{"line":42,"column":21},"end":{"line":46,"column":1}},"12":{"start":{"line":48,"column":17},"end":{"line":53,"column":1}},"13":{"start":{"line":55,"column":19},"end":{"line":59,"column":1}}},"fnMap":{"0":{"name":"Style","decl":{"start":{"line":4,"column":9},"end":{"line":4,"column":14}},"loc":{"start":{"line":4,"column":48},"end":{"line":24,"column":1}},"line":4},"1":{"name":"(anonymous_1)","decl":{"start":{"line":6,"column":34},"end":{"line":6,"column":35}},"loc":{"start":{"line":6,"column":59},"end":{"line":9,"column":3}},"line":6},"2":{"name":"(anonymous_2)","decl":{"start":{"line":15,"column":22},"end":{"line":15,"column":23}},"loc":{"start":{"line":15,"column":39},"end":{"line":21,"column":7}},"line":15},"3":{"name":"(anonymous_3)","decl":{"start":{"line":19,"column":43},"end":{"line":19,"column":44}},"loc":{"start":{"line":19,"column":49},"end":{"line":19,"column":67}},"line":19}},"branchMap":{"0":{"loc":{"start":{"line":16,"column":8},"end":{"line":20,"column":9}},"type":"if","locations":[{"start":{"line":16,"column":8},"end":{"line":20,"column":9}},{"start":{"line":18,"column":15},"end":{"line":20,"column":9}}],"line":16}},"s":{"0":0,"1":0,"2":0,"3":0,"4":0,"5":0,"6":0,"7":0,"8":2,"9":2,"10":2,"11":2,"12":2,"13":2},"f":{"0":0,"1":0,"2":0,"3":0},"b":{"0":[0,0]},"_coverageSchema":"1a1c01bbd47fc00a2c39e90264f33305004495a9","hash":"086cd86ace1a7fd43e28681e58059ec9f6a6dd5a"}
,"/Users/zhangfan/Dropbox/HackReactor/frontend-capstone-wolverines/client/src/components/QandAs/AddAnswer.jsx": {"path":"/Users/zhangfan/Dropbox/HackReactor/frontend-capstone-wolverines/client/src/components/QandAs/AddAnswer.jsx","statementMap":{"0":{"start":{"line":6,"column":18},"end":{"line":179,"column":1}},"1":{"start":{"line":7,"column":48},"end":{"line":12,"column":4}},"2":{"start":{"line":14,"column":42},"end":{"line":14,"column":54}},"3":{"start":{"line":16,"column":44},"end":{"line":16,"column":56}},"4":{"start":{"line":18,"column":46},"end":{"line":18,"column":58}},"5":{"start":{"line":21,"column":25},"end":{"line":24,"column":3}},"6":{"start":{"line":22,"column":28},"end":{"line":22,"column":36}},"7":{"start":{"line":23,"column":4},"end":{"line":23,"column":60}},"8":{"start":{"line":26,"column":23},"end":{"line":33,"column":3}},"9":{"start":{"line":27,"column":4},"end":{"line":27,"column":23}},"10":{"start":{"line":29,"column":4},"end":{"line":31,"column":60}},"11":{"start":{"line":30,"column":18},"end":{"line":30,"column":28}},"12":{"start":{"line":31,"column":20},"end":{"line":31,"column":58}},"13":{"start":{"line":32,"column":6},"end":{"line":32,"column":38}},"14":{"start":{"line":36,"column":24},"end":{"line":40,"column":3}},"15":{"start":{"line":37,"column":4},"end":{"line":39,"column":5}},"16":{"start":{"line":38,"column":6},"end":{"line":38,"column":18}},"17":{"start":{"line":43,"column":22},"end":{"line":58,"column":3}},"18":{"start":{"line":44,"column":19},"end":{"line":44,"column":35}},"19":{"start":{"line":45,"column":4},"end":{"line":45,"column":31}},"20":{"start":{"line":46,"column":4},"end":{"line":57,"column":5}},"21":{"start":{"line":47,"column":6},"end":{"line":47,"column":47}},"22":{"start":{"line":48,"column":19},"end":{"line":48,"column":37}},"23":{"start":{"line":49,"column":6},"end":{"line":49,"column":44}},"24":{"start":{"line":50,"column":6},"end":{"line":50,"column":26}},"25":{"start":{"line":51,"column":6},"end":{"line":51,"column":31}},"26":{"start":{"line":53,"column":6},"end":{"line":53,"column":69}},"27":{"start":{"line":54,"column":6},"end":{"line":54,"column":26}},"28":{"start":{"line":60,"column":32},"end":{"line":69,"column":3}},"29":{"start":{"line":61,"column":18},"end":{"line":61,"column":32}},"30":{"start":{"line":62,"column":4},"end":{"line":62,"column":23}},"31":{"start":{"line":63,"column":22},"end":{"line":63,"column":42}},"32":{"start":{"line":64,"column":4},"end":{"line":68,"column":6}},"33":{"start":{"line":65,"column":6},"end":{"line":65,"column":24}},"34":{"start":{"line":66,"column":6},"end":{"line":66,"column":24}},"35":{"start":{"line":77,"column":22},"end":{"line":82,"column":3}},"36":{"start":{"line":78,"column":4},"end":{"line":78,"column":36}},"37":{"start":{"line":79,"column":4},"end":{"line":79,"column":57}},"38":{"start":{"line":84,"column":2},"end":{"line":89,"column":9}},"39":{"start":{"line":85,"column":4},"end":{"line":85,"column":60}},"40":{"start":{"line":86,"column":4},"end":{"line":88,"column":5}},"41":{"start":{"line":87,"column":6},"end":{"line":87,"column":65}},"42":{"start":{"line":92,"column":2},"end":{"line":178,"column":4}},"43":{"start":{"line":93,"column":56},"end":{"line":93,"column":68}},"44":{"start":{"line":94,"column":75},"end":{"line":94,"column":94}},"45":{"start":{"line":96,"column":72},"end":{"line":96,"column":83}},"46":{"start":{"line":101,"column":32},"end":{"line":101,"column":47}},"47":{"start":{"line":110,"column":33},"end":{"line":110,"column":50}},"48":{"start":{"line":123,"column":33},"end":{"line":123,"column":50}},"49":{"start":{"line":136,"column":33},"end":{"line":136,"column":50}},"50":{"start":{"line":156,"column":48},"end":{"line":161,"column":16}}},"fnMap":{"0":{"name":"(anonymous_0)","decl":{"start":{"line":6,"column":18},"end":{"line":6,"column":19}},"loc":{"start":{"line":6,"column":101},"end":{"line":179,"column":1}},"line":6},"1":{"name":"(anonymous_1)","decl":{"start":{"line":21,"column":25},"end":{"line":21,"column":26}},"loc":{"start":{"line":21,"column":32},"end":{"line":24,"column":3}},"line":21},"2":{"name":"(anonymous_2)","decl":{"start":{"line":26,"column":23},"end":{"line":26,"column":24}},"loc":{"start":{"line":26,"column":30},"end":{"line":33,"column":3}},"line":26},"3":{"name":"(anonymous_3)","decl":{"start":{"line":30,"column":12},"end":{"line":30,"column":13}},"loc":{"start":{"line":30,"column":18},"end":{"line":30,"column":28}},"line":30},"4":{"name":"(anonymous_4)","decl":{"start":{"line":31,"column":13},"end":{"line":31,"column":14}},"loc":{"start":{"line":31,"column":20},"end":{"line":31,"column":58}},"line":31},"5":{"name":"(anonymous_5)","decl":{"start":{"line":36,"column":24},"end":{"line":36,"column":25}},"loc":{"start":{"line":36,"column":31},"end":{"line":40,"column":3}},"line":36},"6":{"name":"(anonymous_6)","decl":{"start":{"line":43,"column":22},"end":{"line":43,"column":23}},"loc":{"start":{"line":43,"column":32},"end":{"line":58,"column":3}},"line":43},"7":{"name":"(anonymous_7)","decl":{"start":{"line":46,"column":23},"end":{"line":46,"column":24}},"loc":{"start":{"line":46,"column":29},"end":{"line":57,"column":5}},"line":46},"8":{"name":"(anonymous_8)","decl":{"start":{"line":60,"column":32},"end":{"line":60,"column":33}},"loc":{"start":{"line":60,"column":39},"end":{"line":69,"column":3}},"line":60},"9":{"name":"(anonymous_9)","decl":{"start":{"line":64,"column":22},"end":{"line":64,"column":23}},"loc":{"start":{"line":64,"column":30},"end":{"line":68,"column":5}},"line":64},"10":{"name":"(anonymous_10)","decl":{"start":{"line":77,"column":22},"end":{"line":77,"column":23}},"loc":{"start":{"line":77,"column":46},"end":{"line":82,"column":3}},"line":77},"11":{"name":"(anonymous_11)","decl":{"start":{"line":84,"column":13},"end":{"line":84,"column":14}},"loc":{"start":{"line":84,"column":19},"end":{"line":89,"column":3}},"line":84},"12":{"name":"cleanup","decl":{"start":{"line":86,"column":20},"end":{"line":86,"column":27}},"loc":{"start":{"line":86,"column":30},"end":{"line":88,"column":5}},"line":86},"13":{"name":"(anonymous_13)","decl":{"start":{"line":93,"column":49},"end":{"line":93,"column":50}},"loc":{"start":{"line":93,"column":56},"end":{"line":93,"column":68}},"line":93},"14":{"name":"(anonymous_14)","decl":{"start":{"line":94,"column":67},"end":{"line":94,"column":68}},"loc":{"start":{"line":94,"column":74},"end":{"line":94,"column":95}},"line":94},"15":{"name":"(anonymous_15)","decl":{"start":{"line":96,"column":64},"end":{"line":96,"column":65}},"loc":{"start":{"line":96,"column":71},"end":{"line":96,"column":84}},"line":96},"16":{"name":"(anonymous_16)","decl":{"start":{"line":101,"column":24},"end":{"line":101,"column":25}},"loc":{"start":{"line":101,"column":31},"end":{"line":101,"column":48}},"line":101},"17":{"name":"(anonymous_17)","decl":{"start":{"line":110,"column":26},"end":{"line":110,"column":27}},"loc":{"start":{"line":110,"column":33},"end":{"line":110,"column":50}},"line":110},"18":{"name":"(anonymous_18)","decl":{"start":{"line":123,"column":26},"end":{"line":123,"column":27}},"loc":{"start":{"line":123,"column":33},"end":{"line":123,"column":50}},"line":123},"19":{"name":"(anonymous_19)","decl":{"start":{"line":136,"column":26},"end":{"line":136,"column":27}},"loc":{"start":{"line":136,"column":33},"end":{"line":136,"column":50}},"line":136},"20":{"name":"(anonymous_20)","decl":{"start":{"line":156,"column":31},"end":{"line":156,"column":32}},"loc":{"start":{"line":156,"column":48},"end":{"line":161,"column":16}},"line":156}},"branchMap":{"0":{"loc":{"start":{"line":37,"column":4},"end":{"line":39,"column":5}},"type":"if","locations":[{"start":{"line":37,"column":4},"end":{"line":39,"column":5}},{"start":{},"end":{}}],"line":37},"1":{"loc":{"start":{"line":37,"column":8},"end":{"line":37,"column":31}},"type":"binary-expr","locations":[{"start":{"line":37,"column":8},"end":{"line":37,"column":18}},{"start":{"line":37,"column":22},"end":{"line":37,"column":31}}],"line":37},"2":{"loc":{"start":{"line":142,"column":11},"end":{"line":152,"column":28}},"type":"cond-expr","locations":[{"start":{"line":142,"column":40},"end":{"line":152,"column":18}},{"start":{"line":152,"column":23},"end":{"line":152,"column":27}}],"line":142},"3":{"loc":{"start":{"line":154,"column":11},"end":{"line":164,"column":17}},"type":"cond-expr","locations":[{"start":{"line":155,"column":12},"end":{"line":162,"column":18}},{"start":{"line":164,"column":12},"end":{"line":164,"column":16}}],"line":154}},"s":{"0":2,"1":0,"2":0,"3":0,"4":0,"5":0,"6":0,"7":0,"8":0,"9":0,"10":0,"11":0,"12":0,"13":0,"14":0,"15":0,"16":0,"17":0,"18":0,"19":0,"20":0,"21":0,"22":0,"23":0,"24":0,"25":0,"26":0,"27":0,"28":0,"29":0,"30":0,"31":0,"32":0,"33":0,"34":0,"35":0,"36":0,"37":0,"38":0,"39":0,"40":0,"41":0,"42":0,"43":0,"44":0,"45":0,"46":0,"47":0,"48":0,"49":0,"50":0},"f":{"0":0,"1":0,"2":0,"3":0,"4":0,"5":0,"6":0,"7":0,"8":0,"9":0,"10":0,"11":0,"12":0,"13":0,"14":0,"15":0,"16":0,"17":0,"18":0,"19":0,"20":0},"b":{"0":[0,0],"1":[0,0],"2":[0,0],"3":[0,0]},"_coverageSchema":"1a1c01bbd47fc00a2c39e90264f33305004495a9","hash":"5bed92484b69c0c2db4074166d77e09921f43910"}
,"/Users/zhangfan/Dropbox/HackReactor/frontend-capstone-wolverines/client/src/components/QandAs/AddQuestion.jsx": {"path":"/Users/zhangfan/Dropbox/HackReactor/frontend-capstone-wolverines/client/src/components/QandAs/AddQuestion.jsx","statementMap":{"0":{"start":{"line":6,"column":36},"end":{"line":11,"column":4}},"1":{"start":{"line":13,"column":2},"end":{"line":13,"column":40}},"2":{"start":{"line":15,"column":19},"end":{"line":18,"column":3}},"3":{"start":{"line":16,"column":28},"end":{"line":16,"column":36}},"4":{"start":{"line":17,"column":4},"end":{"line":17,"column":48}},"5":{"start":{"line":20,"column":25},"end":{"line":27,"column":3}},"6":{"start":{"line":21,"column":4},"end":{"line":21,"column":23}},"7":{"start":{"line":22,"column":4},"end":{"line":22,"column":38}},"8":{"start":{"line":24,"column":4},"end":{"line":26,"column":45}},"9":{"start":{"line":25,"column":18},"end":{"line":25,"column":34}},"10":{"start":{"line":26,"column":20},"end":{"line":26,"column":43}},"11":{"start":{"line":30,"column":24},"end":{"line":34,"column":3}},"12":{"start":{"line":31,"column":4},"end":{"line":33,"column":5}},"13":{"start":{"line":32,"column":6},"end":{"line":32,"column":18}},"14":{"start":{"line":36,"column":2},"end":{"line":41,"column":9}},"15":{"start":{"line":37,"column":4},"end":{"line":37,"column":60}},"16":{"start":{"line":38,"column":4},"end":{"line":40,"column":5}},"17":{"start":{"line":39,"column":6},"end":{"line":39,"column":65}},"18":{"start":{"line":43,"column":2},"end":{"line":97,"column":4}},"19":{"start":{"line":44,"column":52},"end":{"line":44,"column":64}},"20":{"start":{"line":45,"column":63},"end":{"line":45,"column":82}},"21":{"start":{"line":47,"column":71},"end":{"line":47,"column":88}},"22":{"start":{"line":52,"column":34},"end":{"line":52,"column":51}},"23":{"start":{"line":61,"column":33},"end":{"line":61,"column":44}},"24":{"start":{"line":73,"column":33},"end":{"line":73,"column":44}},"25":{"start":{"line":84,"column":33},"end":{"line":84,"column":44}}},"fnMap":{"0":{"name":"AddQuestion","decl":{"start":{"line":5,"column":9},"end":{"line":5,"column":20}},"loc":{"start":{"line":5,"column":78},"end":{"line":98,"column":1}},"line":5},"1":{"name":"(anonymous_1)","decl":{"start":{"line":15,"column":19},"end":{"line":15,"column":20}},"loc":{"start":{"line":15,"column":26},"end":{"line":18,"column":3}},"line":15},"2":{"name":"(anonymous_2)","decl":{"start":{"line":20,"column":25},"end":{"line":20,"column":26}},"loc":{"start":{"line":20,"column":32},"end":{"line":27,"column":3}},"line":20},"3":{"name":"(anonymous_3)","decl":{"start":{"line":25,"column":12},"end":{"line":25,"column":13}},"loc":{"start":{"line":25,"column":18},"end":{"line":25,"column":34}},"line":25},"4":{"name":"(anonymous_4)","decl":{"start":{"line":26,"column":13},"end":{"line":26,"column":14}},"loc":{"start":{"line":26,"column":20},"end":{"line":26,"column":43}},"line":26},"5":{"name":"(anonymous_5)","decl":{"start":{"line":30,"column":24},"end":{"line":30,"column":25}},"loc":{"start":{"line":30,"column":31},"end":{"line":34,"column":3}},"line":30},"6":{"name":"(anonymous_6)","decl":{"start":{"line":36,"column":13},"end":{"line":36,"column":14}},"loc":{"start":{"line":36,"column":19},"end":{"line":41,"column":3}},"line":36},"7":{"name":"cleanup","decl":{"start":{"line":38,"column":20},"end":{"line":38,"column":27}},"loc":{"start":{"line":38,"column":30},"end":{"line":40,"column":5}},"line":38},"8":{"name":"(anonymous_8)","decl":{"start":{"line":44,"column":45},"end":{"line":44,"column":46}},"loc":{"start":{"line":44,"column":52},"end":{"line":44,"column":64}},"line":44},"9":{"name":"(anonymous_9)","decl":{"start":{"line":45,"column":55},"end":{"line":45,"column":56}},"loc":{"start":{"line":45,"column":62},"end":{"line":45,"column":83}},"line":45},"10":{"name":"(anonymous_10)","decl":{"start":{"line":47,"column":64},"end":{"line":47,"column":65}},"loc":{"start":{"line":47,"column":71},"end":{"line":47,"column":88}},"line":47},"11":{"name":"(anonymous_11)","decl":{"start":{"line":52,"column":26},"end":{"line":52,"column":27}},"loc":{"start":{"line":52,"column":33},"end":{"line":52,"column":52}},"line":52},"12":{"name":"(anonymous_12)","decl":{"start":{"line":61,"column":26},"end":{"line":61,"column":27}},"loc":{"start":{"line":61,"column":33},"end":{"line":61,"column":44}},"line":61},"13":{"name":"(anonymous_13)","decl":{"start":{"line":73,"column":26},"end":{"line":73,"column":27}},"loc":{"start":{"line":73,"column":33},"end":{"line":73,"column":44}},"line":73},"14":{"name":"(anonymous_14)","decl":{"start":{"line":84,"column":26},"end":{"line":84,"column":27}},"loc":{"start":{"line":84,"column":33},"end":{"line":84,"column":44}},"line":84}},"branchMap":{"0":{"loc":{"start":{"line":31,"column":4},"end":{"line":33,"column":5}},"type":"if","locations":[{"start":{"line":31,"column":4},"end":{"line":33,"column":5}},{"start":{},"end":{}}],"line":31},"1":{"loc":{"start":{"line":31,"column":8},"end":{"line":31,"column":31}},"type":"binary-expr","locations":[{"start":{"line":31,"column":8},"end":{"line":31,"column":18}},{"start":{"line":31,"column":22},"end":{"line":31,"column":31}}],"line":31}},"s":{"0":0,"1":0,"2":0,"3":0,"4":0,"5":0,"6":0,"7":0,"8":0,"9":0,"10":0,"11":0,"12":0,"13":0,"14":0,"15":0,"16":0,"17":0,"18":0,"19":0,"20":0,"21":0,"22":0,"23":0,"24":0,"25":0},"f":{"0":0,"1":0,"2":0,"3":0,"4":0,"5":0,"6":0,"7":0,"8":0,"9":0,"10":0,"11":0,"12":0,"13":0,"14":0},"b":{"0":[0,0],"1":[0,0]},"_coverageSchema":"1a1c01bbd47fc00a2c39e90264f33305004495a9","hash":"fb61b74b624dad95bead6795df3291571ebedd83"}
,"/Users/zhangfan/Dropbox/HackReactor/frontend-capstone-wolverines/client/src/components/QandAs/QandAs.jsx": {"path":"/Users/zhangfan/Dropbox/HackReactor/frontend-capstone-wolverines/client/src/components/QandAs/QandAs.jsx","statementMap":{"0":{"start":{"line":9,"column":42},"end":{"line":9,"column":54}},"1":{"start":{"line":10,"column":32},"end":{"line":10,"column":44}},"2":{"start":{"line":11,"column":34},"end":{"line":11,"column":49}},"3":{"start":{"line":12,"column":48},"end":{"line":12,"column":63}},"4":{"start":{"line":16,"column":6},"end":{"line":16,"column":21}},"5":{"start":{"line":19,"column":32},"end":{"line":20,"column":40}},"6":{"start":{"line":20,"column":4},"end":{"line":20,"column":40}},"7":{"start":{"line":22,"column":27},"end":{"line":23,"column":28}},"8":{"start":{"line":23,"column":6},"end":{"line":23,"column":28}},"9":{"start":{"line":25,"column":33},"end":{"line":49,"column":3}},"10":{"start":{"line":26,"column":19},"end":{"line":26,"column":21}},"11":{"start":{"line":27,"column":4},"end":{"line":46,"column":5}},"12":{"start":{"line":27,"column":17},"end":{"line":27,"column":18}},"13":{"start":{"line":28,"column":23},"end":{"line":28,"column":35}},"14":{"start":{"line":29,"column":24},"end":{"line":29,"column":32}},"15":{"start":{"line":30,"column":6},"end":{"line":30,"column":39}},"16":{"start":{"line":32,"column":30},"end":{"line":32,"column":48}},"17":{"start":{"line":33,"column":28},"end":{"line":33,"column":44}},"18":{"start":{"line":35,"column":6},"end":{"line":45,"column":8}},"19":{"start":{"line":48,"column":4},"end":{"line":48,"column":18}},"20":{"start":{"line":51,"column":23},"end":{"line":63,"column":3}},"21":{"start":{"line":52,"column":4},"end":{"line":62,"column":65}},"22":{"start":{"line":54,"column":37},"end":{"line":54,"column":45}},"23":{"start":{"line":55,"column":6},"end":{"line":55,"column":28}},"24":{"start":{"line":56,"column":22},"end":{"line":56,"column":43}},"25":{"start":{"line":57,"column":17},"end":{"line":57,"column":35}},"26":{"start":{"line":59,"column":6},"end":{"line":59,"column":57}},"27":{"start":{"line":60,"column":6},"end":{"line":60,"column":47}},"28":{"start":{"line":62,"column":18},"end":{"line":62,"column":63}},"29":{"start":{"line":65,"column":26},"end":{"line":78,"column":3}},"30":{"start":{"line":66,"column":4},"end":{"line":66,"column":46}},"31":{"start":{"line":67,"column":4},"end":{"line":69,"column":5}},"32":{"start":{"line":68,"column":6},"end":{"line":68,"column":13}},"33":{"start":{"line":71,"column":4},"end":{"line":75,"column":5}},"34":{"start":{"line":72,"column":8},"end":{"line":72,"column":38}},"35":{"start":{"line":73,"column":11},"end":{"line":75,"column":5}},"36":{"start":{"line":74,"column":6},"end":{"line":74,"column":35}},"37":{"start":{"line":77,"column":4},"end":{"line":77,"column":25}},"38":{"start":{"line":80,"column":18},"end":{"line":83,"column":3}},"39":{"start":{"line":81,"column":4},"end":{"line":81,"column":23}},"40":{"start":{"line":82,"column":4},"end":{"line":82,"column":19}},"41":{"start":{"line":86,"column":23},"end":{"line":88,"column":3}},"42":{"start":{"line":87,"column":4},"end":{"line":87,"column":19}},"43":{"start":{"line":90,"column":2},"end":{"line":90,"column":30}},"44":{"start":{"line":93,"column":2},"end":{"line":128,"column":4}},"45":{"start":{"line":100,"column":12},"end":{"line":102,"column":18}},"46":{"start":{"line":105,"column":12},"end":{"line":107,"column":18}}},"fnMap":{"0":{"name":"QandAs","decl":{"start":{"line":7,"column":9},"end":{"line":7,"column":15}},"loc":{"start":{"line":7,"column":87},"end":{"line":129,"column":1}},"line":7},"1":{"name":"(anonymous_1)","decl":{"start":{"line":19,"column":32},"end":{"line":19,"column":33}},"loc":{"start":{"line":20,"column":4},"end":{"line":20,"column":40}},"line":20},"2":{"name":"(anonymous_2)","decl":{"start":{"line":22,"column":27},"end":{"line":22,"column":28}},"loc":{"start":{"line":23,"column":6},"end":{"line":23,"column":28}},"line":23},"3":{"name":"(anonymous_3)","decl":{"start":{"line":25,"column":33},"end":{"line":25,"column":34}},"loc":{"start":{"line":25,"column":48},"end":{"line":49,"column":3}},"line":25},"4":{"name":"(anonymous_4)","decl":{"start":{"line":51,"column":23},"end":{"line":51,"column":24}},"loc":{"start":{"line":51,"column":42},"end":{"line":63,"column":3}},"line":51},"5":{"name":"(anonymous_5)","decl":{"start":{"line":53,"column":10},"end":{"line":53,"column":11}},"loc":{"start":{"line":53,"column":19},"end":{"line":61,"column":5}},"line":53},"6":{"name":"(anonymous_6)","decl":{"start":{"line":62,"column":11},"end":{"line":62,"column":12}},"loc":{"start":{"line":62,"column":18},"end":{"line":62,"column":63}},"line":62},"7":{"name":"(anonymous_7)","decl":{"start":{"line":65,"column":26},"end":{"line":65,"column":27}},"loc":{"start":{"line":65,"column":38},"end":{"line":78,"column":3}},"line":65},"8":{"name":"(anonymous_8)","decl":{"start":{"line":80,"column":18},"end":{"line":80,"column":19}},"loc":{"start":{"line":80,"column":24},"end":{"line":83,"column":3}},"line":80},"9":{"name":"(anonymous_9)","decl":{"start":{"line":86,"column":23},"end":{"line":86,"column":24}},"loc":{"start":{"line":86,"column":29},"end":{"line":88,"column":3}},"line":86},"10":{"name":"(anonymous_10)","decl":{"start":{"line":99,"column":28},"end":{"line":99,"column":29}},"loc":{"start":{"line":100,"column":12},"end":{"line":102,"column":18}},"line":100},"11":{"name":"(anonymous_11)","decl":{"start":{"line":104,"column":42},"end":{"line":104,"column":43}},"loc":{"start":{"line":105,"column":12},"end":{"line":107,"column":18}},"line":105}},"branchMap":{"0":{"loc":{"start":{"line":51,"column":24},"end":{"line":51,"column":37}},"type":"default-arg","locations":[{"start":{"line":51,"column":33},"end":{"line":51,"column":37}}],"line":51},"1":{"loc":{"start":{"line":67,"column":4},"end":{"line":69,"column":5}},"type":"if","locations":[{"start":{"line":67,"column":4},"end":{"line":69,"column":5}},{"start":{},"end":{}}],"line":67},"2":{"loc":{"start":{"line":67,"column":8},"end":{"line":67,"column":40}},"type":"binary-expr","locations":[{"start":{"line":67,"column":8},"end":{"line":67,"column":29}},{"start":{"line":67,"column":33},"end":{"line":67,"column":40}}],"line":67},"3":{"loc":{"start":{"line":71,"column":4},"end":{"line":75,"column":5}},"type":"if","locations":[{"start":{"line":71,"column":4},"end":{"line":75,"column":5}},{"start":{"line":73,"column":11},"end":{"line":75,"column":5}}],"line":71},"4":{"loc":{"start":{"line":71,"column":8},"end":{"line":71,"column":39}},"type":"binary-expr","locations":[{"start":{"line":71,"column":8},"end":{"line":71,"column":28}},{"start":{"line":71,"column":32},"end":{"line":71,"column":39}}],"line":71},"5":{"loc":{"start":{"line":73,"column":11},"end":{"line":75,"column":5}},"type":"if","locations":[{"start":{"line":73,"column":11},"end":{"line":75,"column":5}},{"start":{},"end":{}}],"line":73},"6":{"loc":{"start":{"line":73,"column":15},"end":{"line":73,"column":46}},"type":"binary-expr","locations":[{"start":{"line":73,"column":15},"end":{"line":73,"column":36}},{"start":{"line":73,"column":40},"end":{"line":73,"column":46}}],"line":73},"7":{"loc":{"start":{"line":97,"column":7},"end":{"line":125,"column":14}},"type":"cond-expr","locations":[{"start":{"line":98,"column":8},"end":{"line":122,"column":14}},{"start":{"line":123,"column":10},"end":{"line":125,"column":14}}],"line":97},"8":{"loc":{"start":{"line":104,"column":11},"end":{"line":108,"column":12}},"type":"binary-expr","locations":[{"start":{"line":104,"column":11},"end":{"line":104,"column":26}},{"start":{"line":104,"column":30},"end":{"line":108,"column":12}}],"line":104},"9":{"loc":{"start":{"line":114,"column":18},"end":{"line":114,"column":56}},"type":"cond-expr","locations":[{"start":{"line":114,"column":36},"end":{"line":114,"column":47}},{"start":{"line":114,"column":50},"end":{"line":114,"column":56}}],"line":114}},"s":{"0":1,"1":1,"2":1,"3":1,"4":1,"5":1,"6":0,"7":1,"8":0,"9":1,"10":0,"11":0,"12":0,"13":0,"14":0,"15":0,"16":0,"17":0,"18":0,"19":0,"20":1,"21":1,"22":0,"23":0,"24":0,"25":0,"26":0,"27":0,"28":0,"29":1,"30":0,"31":0,"32":0,"33":0,"34":0,"35":0,"36":0,"37":0,"38":1,"39":0,"40":0,"41":1,"42":0,"43":1,"44":1,"45":0,"46":0},"f":{"0":1,"1":0,"2":0,"3":0,"4":1,"5":0,"6":0,"7":0,"8":0,"9":0,"10":0,"11":0},"b":{"0":[1],"1":[0,0],"2":[0,0],"3":[0,0],"4":[0,0],"5":[0,0],"6":[0,0],"7":[0,1],"8":[0,0],"9":[0,0]},"_coverageSchema":"1a1c01bbd47fc00a2c39e90264f33305004495a9","hash":"8a08b853483bc9b05e99d6882fcf5d03dfcc8d9f"}
,"/Users/zhangfan/Dropbox/HackReactor/frontend-capstone-wolverines/client/src/components/QandAs/Question.jsx": {"path":"/Users/zhangfan/Dropbox/HackReactor/frontend-capstone-wolverines/client/src/components/QandAs/Question.jsx","statementMap":{"0":{"start":{"line":7,"column":17},"end":{"line":159,"column":1}},"1":{"start":{"line":10,"column":38},"end":{"line":10,"column":53}},"2":{"start":{"line":12,"column":50},"end":{"line":12,"column":65}},"3":{"start":{"line":16,"column":62},"end":{"line":16,"column":77}},"4":{"start":{"line":18,"column":42},"end":{"line":18,"column":57}},"5":{"start":{"line":20,"column":42},"end":{"line":20,"column":57}},"6":{"start":{"line":22,"column":26},"end":{"line":24,"column":3}},"7":{"start":{"line":23,"column":4},"end":{"line":23,"column":31}},"8":{"start":{"line":26,"column":26},"end":{"line":26,"column":66}},"9":{"start":{"line":26,"column":32},"end":{"line":26,"column":66}},"10":{"start":{"line":28,"column":22},"end":{"line":31,"column":3}},"11":{"start":{"line":29,"column":4},"end":{"line":29,"column":30}},"12":{"start":{"line":30,"column":4},"end":{"line":30,"column":19}},"13":{"start":{"line":33,"column":24},"end":{"line":43,"column":3}},"14":{"start":{"line":34,"column":4},"end":{"line":42,"column":5}},"15":{"start":{"line":35,"column":6},"end":{"line":35,"column":22}},"16":{"start":{"line":36,"column":6},"end":{"line":36,"column":32}},"17":{"start":{"line":37,"column":6},"end":{"line":39,"column":57}},"18":{"start":{"line":38,"column":20},"end":{"line":38,"column":34}},"19":{"start":{"line":39,"column":22},"end":{"line":39,"column":55}},"20":{"start":{"line":40,"column":11},"end":{"line":42,"column":5}},"21":{"start":{"line":41,"column":6},"end":{"line":41,"column":49}},"22":{"start":{"line":45,"column":31},"end":{"line":55,"column":4}},"23":{"start":{"line":46,"column":4},"end":{"line":54,"column":5}},"24":{"start":{"line":47,"column":6},"end":{"line":47,"column":28}},"25":{"start":{"line":48,"column":6},"end":{"line":48,"column":38}},"26":{"start":{"line":49,"column":6},"end":{"line":51,"column":82}},"27":{"start":{"line":50,"column":20},"end":{"line":50,"column":34}},"28":{"start":{"line":51,"column":22},"end":{"line":51,"column":80}},"29":{"start":{"line":52,"column":11},"end":{"line":54,"column":5}},"30":{"start":{"line":53,"column":6},"end":{"line":53,"column":64}},"31":{"start":{"line":57,"column":26},"end":{"line":67,"column":4}},"32":{"start":{"line":58,"column":5},"end":{"line":66,"column":6}},"33":{"start":{"line":59,"column":7},"end":{"line":59,"column":29}},"34":{"start":{"line":60,"column":7},"end":{"line":60,"column":29}},"35":{"start":{"line":61,"column":7},"end":{"line":63,"column":71}},"36":{"start":{"line":62,"column":20},"end":{"line":62,"column":34}},"37":{"start":{"line":63,"column":22},"end":{"line":63,"column":69}},"38":{"start":{"line":64,"column":12},"end":{"line":66,"column":6}},"39":{"start":{"line":65,"column":7},"end":{"line":65,"column":52}},"40":{"start":{"line":69,"column":2},"end":{"line":158,"column":3}},"41":{"start":{"line":79,"column":47},"end":{"line":79,"column":82}},"42":{"start":{"line":83,"column":46},"end":{"line":83,"column":108}},"43":{"start":{"line":90,"column":8},"end":{"line":116,"column":14}},"44":{"start":{"line":102,"column":30},"end":{"line":102,"column":64}},"45":{"start":{"line":110,"column":30},"end":{"line":110,"column":58}},"46":{"start":{"line":119,"column":8},"end":{"line":145,"column":14}},"47":{"start":{"line":131,"column":30},"end":{"line":131,"column":64}},"48":{"start":{"line":139,"column":30},"end":{"line":139,"column":58}}},"fnMap":{"0":{"name":"(anonymous_0)","decl":{"start":{"line":7,"column":17},"end":{"line":7,"column":18}},"loc":{"start":{"line":7,"column":83},"end":{"line":159,"column":1}},"line":7},"1":{"name":"(anonymous_1)","decl":{"start":{"line":22,"column":26},"end":{"line":22,"column":27}},"loc":{"start":{"line":22,"column":32},"end":{"line":24,"column":3}},"line":22},"2":{"name":"(anonymous_2)","decl":{"start":{"line":26,"column":26},"end":{"line":26,"column":27}},"loc":{"start":{"line":26,"column":32},"end":{"line":26,"column":66}},"line":26},"3":{"name":"(anonymous_3)","decl":{"start":{"line":28,"column":22},"end":{"line":28,"column":23}},"loc":{"start":{"line":28,"column":28},"end":{"line":31,"column":3}},"line":28},"4":{"name":"(anonymous_4)","decl":{"start":{"line":33,"column":24},"end":{"line":33,"column":25}},"loc":{"start":{"line":33,"column":32},"end":{"line":43,"column":3}},"line":33},"5":{"name":"(anonymous_5)","decl":{"start":{"line":38,"column":14},"end":{"line":38,"column":15}},"loc":{"start":{"line":38,"column":20},"end":{"line":38,"column":34}},"line":38},"6":{"name":"(anonymous_6)","decl":{"start":{"line":39,"column":15},"end":{"line":39,"column":16}},"loc":{"start":{"line":39,"column":22},"end":{"line":39,"column":55}},"line":39},"7":{"name":"(anonymous_7)","decl":{"start":{"line":45,"column":31},"end":{"line":45,"column":32}},"loc":{"start":{"line":45,"column":45},"end":{"line":55,"column":4}},"line":45},"8":{"name":"(anonymous_8)","decl":{"start":{"line":50,"column":14},"end":{"line":50,"column":15}},"loc":{"start":{"line":50,"column":20},"end":{"line":50,"column":34}},"line":50},"9":{"name":"(anonymous_9)","decl":{"start":{"line":51,"column":15},"end":{"line":51,"column":16}},"loc":{"start":{"line":51,"column":22},"end":{"line":51,"column":80}},"line":51},"10":{"name":"(anonymous_10)","decl":{"start":{"line":57,"column":26},"end":{"line":57,"column":27}},"loc":{"start":{"line":57,"column":40},"end":{"line":67,"column":4}},"line":57},"11":{"name":"(anonymous_11)","decl":{"start":{"line":62,"column":14},"end":{"line":62,"column":15}},"loc":{"start":{"line":62,"column":20},"end":{"line":62,"column":34}},"line":62},"12":{"name":"(anonymous_12)","decl":{"start":{"line":63,"column":15},"end":{"line":63,"column":16}},"loc":{"start":{"line":63,"column":22},"end":{"line":63,"column":69}},"line":63},"13":{"name":"(anonymous_13)","decl":{"start":{"line":79,"column":41},"end":{"line":79,"column":42}},"loc":{"start":{"line":79,"column":47},"end":{"line":79,"column":82}},"line":79},"14":{"name":"(anonymous_14)","decl":{"start":{"line":83,"column":39},"end":{"line":83,"column":40}},"loc":{"start":{"line":83,"column":45},"end":{"line":83,"column":109}},"line":83},"15":{"name":"(anonymous_15)","decl":{"start":{"line":89,"column":36},"end":{"line":89,"column":37}},"loc":{"start":{"line":90,"column":8},"end":{"line":116,"column":14}},"line":90},"16":{"name":"(anonymous_16)","decl":{"start":{"line":102,"column":25},"end":{"line":102,"column":26}},"loc":{"start":{"line":102,"column":29},"end":{"line":102,"column":65}},"line":102},"17":{"name":"(anonymous_17)","decl":{"start":{"line":110,"column":25},"end":{"line":110,"column":26}},"loc":{"start":{"line":110,"column":29},"end":{"line":110,"column":59}},"line":110},"18":{"name":"(anonymous_18)","decl":{"start":{"line":118,"column":48},"end":{"line":118,"column":49}},"loc":{"start":{"line":119,"column":8},"end":{"line":145,"column":14}},"line":119},"19":{"name":"(anonymous_19)","decl":{"start":{"line":131,"column":25},"end":{"line":131,"column":26}},"loc":{"start":{"line":131,"column":29},"end":{"line":131,"column":65}},"line":131},"20":{"name":"(anonymous_20)","decl":{"start":{"line":139,"column":25},"end":{"line":139,"column":26}},"loc":{"start":{"line":139,"column":29},"end":{"line":139,"column":59}},"line":139}},"branchMap":{"0":{"loc":{"start":{"line":34,"column":4},"end":{"line":42,"column":5}},"type":"if","locations":[{"start":{"line":34,"column":4},"end":{"line":42,"column":5}},{"start":{"line":40,"column":11},"end":{"line":42,"column":5}}],"line":34},"1":{"loc":{"start":{"line":40,"column":11},"end":{"line":42,"column":5}},"type":"if","locations":[{"start":{"line":40,"column":11},"end":{"line":42,"column":5}},{"start":{},"end":{}}],"line":40},"2":{"loc":{"start":{"line":46,"column":4},"end":{"line":54,"column":5}},"type":"if","locations":[{"start":{"line":46,"column":4},"end":{"line":54,"column":5}},{"start":{"line":52,"column":11},"end":{"line":54,"column":5}}],"line":46},"3":{"loc":{"start":{"line":52,"column":11},"end":{"line":54,"column":5}},"type":"if","locations":[{"start":{"line":52,"column":11},"end":{"line":54,"column":5}},{"start":{},"end":{}}],"line":52},"4":{"loc":{"start":{"line":58,"column":5},"end":{"line":66,"column":6}},"type":"if","locations":[{"start":{"line":58,"column":5},"end":{"line":66,"column":6}},{"start":{"line":64,"column":12},"end":{"line":66,"column":6}}],"line":58},"5":{"loc":{"start":{"line":64,"column":12},"end":{"line":66,"column":6}},"type":"if","locations":[{"start":{"line":64,"column":12},"end":{"line":66,"column":6}},{"start":{},"end":{}}],"line":64},"6":{"loc":{"start":{"line":118,"column":7},"end":{"line":146,"column":8}},"type":"binary-expr","locations":[{"start":{"line":118,"column":7},"end":{"line":118,"column":17}},{"start":{"line":118,"column":21},"end":{"line":146,"column":8}}],"line":118},"7":{"loc":{"start":{"line":147,"column":7},"end":{"line":156,"column":14}},"type":"cond-expr","locations":[{"start":{"line":148,"column":8},"end":{"line":155,"column":14}},{"start":{"line":156,"column":10},"end":{"line":156,"column":14}}],"line":147},"8":{"loc":{"start":{"line":153,"column":16},"end":{"line":153,"column":52}},"type":"cond-expr","locations":[{"start":{"line":153,"column":29},"end":{"line":153,"column":39}},{"start":{"line":153,"column":42},"end":{"line":153,"column":52}}],"line":153}},"s":{"0":3,"1":0,"2":0,"3":0,"4":0,"5":0,"6":0,"7":0,"8":0,"9":0,"10":0,"11":0,"12":0,"13":0,"14":0,"15":0,"16":0,"17":0,"18":0,"19":0,"20":0,"21":0,"22":0,"23":0,"24":0,"25":0,"26":0,"27":0,"28":0,"29":0,"30":0,"31":0,"32":0,"33":0,"34":0,"35":0,"36":0,"37":0,"38":0,"39":0,"40":0,"41":0,"42":0,"43":0,"44":0,"45":0,"46":0,"47":0,"48":0},"f":{"0":0,"1":0,"2":0,"3":0,"4":0,"5":0,"6":0,"7":0,"8":0,"9":0,"10":0,"11":0,"12":0,"13":0,"14":0,"15":0,"16":0,"17":0,"18":0,"19":0,"20":0},"b":{"0":[0,0],"1":[0,0],"2":[0,0],"3":[0,0],"4":[0,0],"5":[0,0],"6":[0,0],"7":[0,0],"8":[0,0]},"_coverageSchema":"1a1c01bbd47fc00a2c39e90264f33305004495a9","hash":"18a75c81e9af4e0e9400efa34ff56711b21f3b03"}
,"/Users/zhangfan/Dropbox/HackReactor/frontend-capstone-wolverines/client/src/components/QandAs/SearchQuestions.jsx": {"path":"/Users/zhangfan/Dropbox/HackReactor/frontend-capstone-wolverines/client/src/components/QandAs/SearchQuestions.jsx","statementMap":{"0":{"start":{"line":7,"column":40},"end":{"line":7,"column":52}},"1":{"start":{"line":9,"column":23},"end":{"line":18,"column":3}},"2":{"start":{"line":10,"column":22},"end":{"line":10,"column":30}},"3":{"start":{"line":11,"column":4},"end":{"line":11,"column":25}},"4":{"start":{"line":13,"column":4},"end":{"line":17,"column":5}},"5":{"start":{"line":14,"column":6},"end":{"line":14,"column":28}},"6":{"start":{"line":16,"column":6},"end":{"line":16,"column":23}},"7":{"start":{"line":20,"column":23},"end":{"line":23,"column":3}},"8":{"start":{"line":21,"column":4},"end":{"line":21,"column":23}},"9":{"start":{"line":22,"column":4},"end":{"line":22,"column":37}},"10":{"start":{"line":25,"column":2},"end":{"line":37,"column":4}},"11":{"start":{"line":27,"column":50},"end":{"line":27,"column":65}},"12":{"start":{"line":32,"column":25},"end":{"line":32,"column":40}}},"fnMap":{"0":{"name":"SearchQuestions","decl":{"start":{"line":5,"column":9},"end":{"line":5,"column":24}},"loc":{"start":{"line":5,"column":58},"end":{"line":38,"column":1}},"line":5},"1":{"name":"(anonymous_1)","decl":{"start":{"line":9,"column":23},"end":{"line":9,"column":24}},"loc":{"start":{"line":9,"column":30},"end":{"line":18,"column":3}},"line":9},"2":{"name":"(anonymous_2)","decl":{"start":{"line":20,"column":23},"end":{"line":20,"column":24}},"loc":{"start":{"line":20,"column":30},"end":{"line":23,"column":3}},"line":20},"3":{"name":"(anonymous_3)","decl":{"start":{"line":27,"column":43},"end":{"line":27,"column":44}},"loc":{"start":{"line":27,"column":50},"end":{"line":27,"column":65}},"line":27},"4":{"name":"(anonymous_4)","decl":{"start":{"line":32,"column":18},"end":{"line":32,"column":19}},"loc":{"start":{"line":32,"column":25},"end":{"line":32,"column":40}},"line":32}},"branchMap":{"0":{"loc":{"start":{"line":13,"column":4},"end":{"line":17,"column":5}},"type":"if","locations":[{"start":{"line":13,"column":4},"end":{"line":17,"column":5}},{"start":{"line":15,"column":11},"end":{"line":17,"column":5}}],"line":13}},"s":{"0":1,"1":1,"2":0,"3":0,"4":0,"5":0,"6":0,"7":1,"8":0,"9":0,"10":1,"11":0,"12":0},"f":{"0":1,"1":0,"2":0,"3":0,"4":0},"b":{"0":[0,0]},"_coverageSchema":"1a1c01bbd47fc00a2c39e90264f33305004495a9","hash":"235c1f51b6b818e7fe4de75adc0fb161756486b0"}
,"/Users/zhangfan/Dropbox/HackReactor/frontend-capstone-wolverines/client/src/components/RelatedItems/ComparisonModal.jsx": {"path":"/Users/zhangfan/Dropbox/HackReactor/frontend-capstone-wolverines/client/src/components/RelatedItems/ComparisonModal.jsx","statementMap":{"0":{"start":{"line":49,"column":24},"end":{"line":88,"column":1}},"1":{"start":{"line":50,"column":21},"end":{"line":53,"column":3}},"2":{"start":{"line":51,"column":4},"end":{"line":51,"column":28}},"3":{"start":{"line":52,"column":4},"end":{"line":52,"column":23}},"4":{"start":{"line":55,"column":62},"end":{"line":55,"column":67}},"5":{"start":{"line":57,"column":2},"end":{"line":87,"column":4}},"6":{"start":{"line":62,"column":53},"end":{"line":62,"column":72}},"7":{"start":{"line":75,"column":12},"end":{"line":81,"column":13}},"8":{"start":{"line":76,"column":14},"end":{"line":79,"column":15}},"9":{"start":{"line":77,"column":37},"end":{"line":77,"column":77}},"10":{"start":{"line":78,"column":16},"end":{"line":78,"column":65}},"11":{"start":{"line":80,"column":14},"end":{"line":80,"column":58}},"12":{"start":{"line":82,"column":12},"end":{"line":82,"column":56}},"13":{"start":{"line":90,"column":16},"end":{"line":93,"column":1}},"14":{"start":{"line":94,"column":21},"end":{"line":99,"column":1}},"15":{"start":{"line":101,"column":21},"end":{"line":104,"column":1}},"16":{"start":{"line":106,"column":23},"end":{"line":116,"column":1}},"17":{"start":{"line":118,"column":24},"end":{"line":127,"column":1}},"18":{"start":{"line":129,"column":21},"end":{"line":141,"column":1}},"19":{"start":{"line":143,"column":21},"end":{"line":162,"column":1}}},"fnMap":{"0":{"name":"(anonymous_0)","decl":{"start":{"line":49,"column":24},"end":{"line":49,"column":25}},"loc":{"start":{"line":49,"column":35},"end":{"line":88,"column":1}},"line":49},"1":{"name":"(anonymous_1)","decl":{"start":{"line":50,"column":21},"end":{"line":50,"column":22}},"loc":{"start":{"line":50,"column":32},"end":{"line":53,"column":3}},"line":50},"2":{"name":"(anonymous_2)","decl":{"start":{"line":62,"column":46},"end":{"line":62,"column":47}},"loc":{"start":{"line":62,"column":53},"end":{"line":62,"column":72}},"line":62},"3":{"name":"(anonymous_3)","decl":{"start":{"line":74,"column":32},"end":{"line":74,"column":33}},"loc":{"start":{"line":74,"column":48},"end":{"line":83,"column":11}},"line":74}},"branchMap":{"0":{"loc":{"start":{"line":75,"column":12},"end":{"line":81,"column":13}},"type":"if","locations":[{"start":{"line":75,"column":12},"end":{"line":81,"column":13}},{"start":{},"end":{}}],"line":75},"1":{"loc":{"start":{"line":76,"column":14},"end":{"line":79,"column":15}},"type":"if","locations":[{"start":{"line":76,"column":14},"end":{"line":79,"column":15}},{"start":{},"end":{}}],"line":76}},"s":{"0":3,"1":0,"2":0,"3":0,"4":0,"5":0,"6":0,"7":0,"8":0,"9":0,"10":0,"11":0,"12":0,"13":3,"14":3,"15":3,"16":3,"17":3,"18":3,"19":3},"f":{"0":0,"1":0,"2":0,"3":0},"b":{"0":[0,0],"1":[0,0]},"_coverageSchema":"1a1c01bbd47fc00a2c39e90264f33305004495a9","hash":"d23aa85615c345f7d31df60df2d719ddda88da79"}
,"/Users/zhangfan/Dropbox/HackReactor/frontend-capstone-wolverines/client/src/components/RelatedItems/OutfitCard.jsx": {"path":"/Users/zhangfan/Dropbox/HackReactor/frontend-capstone-wolverines/client/src/components/RelatedItems/OutfitCard.jsx","statementMap":{"0":{"start":{"line":13,"column":4},"end":{"line":13,"column":17}},"1":{"start":{"line":14,"column":36},"end":{"line":14,"column":46}},"2":{"start":{"line":15,"column":4},"end":{"line":24,"column":6}},"3":{"start":{"line":26,"column":4},"end":{"line":26,"column":65}},"4":{"start":{"line":32,"column":47},"end":{"line":32,"column":57}},"5":{"start":{"line":34,"column":4},"end":{"line":45,"column":9}},"6":{"start":{"line":36,"column":8},"end":{"line":41,"column":11}},"7":{"start":{"line":44,"column":8},"end":{"line":44,"column":83}},"8":{"start":{"line":48,"column":4},"end":{"line":55,"column":82}},"9":{"start":{"line":49,"column":27},"end":{"line":49,"column":144}},"10":{"start":{"line":49,"column":81},"end":{"line":49,"column":108}},"11":{"start":{"line":51,"column":8},"end":{"line":53,"column":11}},"12":{"start":{"line":55,"column":22},"end":{"line":55,"column":80}},"13":{"start":{"line":58,"column":4},"end":{"line":90,"column":9}},"14":{"start":{"line":60,"column":31},"end":{"line":60,"column":91}},"15":{"start":{"line":60,"column":62},"end":{"line":60,"column":90}},"16":{"start":{"line":63,"column":8},"end":{"line":74,"column":9}},"17":{"start":{"line":64,"column":10},"end":{"line":64,"column":56}},"18":{"start":{"line":65,"column":10},"end":{"line":67,"column":13}},"19":{"start":{"line":70,"column":10},"end":{"line":70,"column":55}},"20":{"start":{"line":71,"column":10},"end":{"line":73,"column":13}},"21":{"start":{"line":76,"column":8},"end":{"line":86,"column":9}},"22":{"start":{"line":77,"column":10},"end":{"line":80,"column":13}},"23":{"start":{"line":82,"column":10},"end":{"line":85,"column":13}},"24":{"start":{"line":89,"column":8},"end":{"line":89,"column":82}},"25":{"start":{"line":95,"column":26},"end":{"line":95,"column":36}},"26":{"start":{"line":96,"column":4},"end":{"line":96,"column":38}},"27":{"start":{"line":97,"column":4},"end":{"line":97,"column":34}},"28":{"start":{"line":108,"column":8},"end":{"line":108,"column":18}},"29":{"start":{"line":109,"column":17},"end":{"line":113,"column":5}},"30":{"start":{"line":114,"column":20},"end":{"line":118,"column":5}},"31":{"start":{"line":119,"column":4},"end":{"line":175,"column":6}},"32":{"start":{"line":179,"column":14},"end":{"line":185,"column":1}},"33":{"start":{"line":187,"column":30},"end":{"line":189,"column":1}},"34":{"start":{"line":191,"column":22},"end":{"line":205,"column":1}},"35":{
[...]
"line":337,"column":48},"end":{"line":337,"column":49}},"loc":{"start":{"line":337,"column":54},"end":{"line":339,"column":5}},"line":337},"43":{"name":"(anonymous_43)","decl":{"start":{"line":340,"column":48},"end":{"line":340,"column":49}},"loc":{"start":{"line":340,"column":54},"end":{"line":342,"column":5}},"line":340},"44":{"name":"(anonymous_44)","decl":{"start":{"line":349,"column":48},"end":{"line":349,"column":49}},"loc":{"start":{"line":349,"column":54},"end":{"line":349,"column":83}},"line":349},"45":{"name":"(anonymous_45)","decl":{"start":{"line":350,"column":68},"end":{"line":350,"column":69}},"loc":{"start":{"line":350,"column":74},"end":{"line":352,"column":5}},"line":350},"46":{"name":"(anonymous_46)","decl":{"start":{"line":353,"column":48},"end":{"line":353,"column":49}},"loc":{"start":{"line":353,"column":54},"end":{"line":355,"column":5}},"line":353},"47":{"name":"(anonymous_47)","decl":{"start":{"line":356,"column":48},"end":{"line":356,"column":49}},"loc":{"start":{"line":356,"column":54},"end":{"line":358,"column":5}},"line":356},"48":{"name":"(anonymous_48)","decl":{"start":{"line":359,"column":48},"end":{"line":359,"column":49}},"loc":{"start":{"line":359,"column":54},"end":{"line":361,"column":5}},"line":359},"49":{"name":"(anonymous_49)","decl":{"start":{"line":368,"column":48},"end":{"line":368,"column":49}},"loc":{"start":{"line":368,"column":54},"end":{"line":368,"column":88}},"line":368},"50":{"name":"(anonymous_50)","decl":{"start":{"line":369,"column":68},"end":{"line":369,"column":69}},"loc":{"start":{"line":369,"column":74},"end":{"line":371,"column":5}},"line":369},"51":{"name":"(anonymous_51)","decl":{"start":{"line":372,"column":48},"end":{"line":372,"column":49}},"loc":{"start":{"line":372,"column":54},"end":{"line":374,"column":5}},"line":372},"52":{"name":"(anonymous_52)","decl":{"start":{"line":375,"column":48},"end":{"line":375,"column":49}},"loc":{"start":{"line":375,"column":54},"end":{"line":377,"column":5}},"line":375},"53":{"name":"(anonymous_53)","decl":{"start":{"line":378,"column":48},"end":{"line":378,"column":49}},"loc":{"start":{"line":378,"column":54},"end":{"line":380,"column":5}},"line":378},"54":{"name":"(anonymous_54)","decl":{"start":{"line":387,"column":48},"end":{"line":387,"column":49}},"loc":{"start":{"line":387,"column":54},"end":{"line":387,"column":79}},"line":387},"55":{"name":"(anonymous_55)","decl":{"start":{"line":388,"column":68},"end":{"line":388,"column":69}},"loc":{"start":{"line":388,"column":74},"end":{"line":390,"column":5}},"line":388},"56":{"name":"(anonymous_56)","decl":{"start":{"line":391,"column":48},"end":{"line":391,"column":49}},"loc":{"start":{"line":391,"column":54},"end":{"line":393,"column":5}},"line":391},"57":{"name":"(anonymous_57)","decl":{"start":{"line":394,"column":48},"end":{"line":394,"column":49}},"loc":{"start":{"line":394,"column":54},"end":{"line":396,"column":5}},"line":394},"58":{"name":"(anonymous_58)","decl":{"start":{"line":397,"column":48},"end":{"line":397,"column":49}},"loc":{"start":{"line":397,"column":54},"end":{"line":399,"column":5}},"line":397},"59":{"name":"(anonymous_59)","decl":{"start":{"line":406,"column":48},"end":{"line":406,"column":49}},"loc":{"start":{"line":406,"column":54},"end":{"line":406,"column":84}},"line":406},"60":{"name":"(anonymous_60)","decl":{"start":{"line":407,"column":68},"end":{"line":407,"column":69}},"loc":{"start":{"line":407,"column":74},"end":{"line":409,"column":5}},"line":407},"61":{"name":"(anonymous_61)","decl":{"start":{"line":410,"column":48},"end":{"line":410,"column":49}},"loc":{"start":{"line":410,"column":54},"end":{"line":412,"column":5}},"line":410},"62":{"name":"(anonymous_62)","decl":{"start":{"line":413,"column":48},"end":{"line":413,"column":49}},"loc":{"start":{"line":413,"column":54},"end":{"line":415,"column":5}},"line":413},"63":{"name":"(anonymous_63)","decl":{"start":{"line":416,"column":48},"end":{"line":416,"column":49}},"loc":{"start":{"line":416,"column":54},"end":{"line":418,"column":5}},"line":416},"64":{"name":"(anonymous_64)","decl":{"start":{"line":425,"column":48},"end":{"line":425,"column":49}},"loc":{"start":{"line":425,"column":54},"end":{"line":425,"column":81}},"line":425},"65":{"name":"(anonymous_65)","decl":{"start":{"line":426,"column":68},"end":{"line":426,"column":69}},"loc":{"start":{"line":426,"column":74},"end":{"line":428,"column":5}},"line":426},"66":{"name":"(anonymous_66)","decl":{"start":{"line":429,"column":48},"end":{"line":429,"column":49}},"loc":{"start":{"line":429,"column":54},"end":{"line":431,"column":5}},"line":429},"67":{"name":"(anonymous_67)","decl":{"start":{"line":432,"column":48},"end":{"line":432,"column":49}},"loc":{"start":{"line":432,"column":54},"end":{"line":434,"column":5}},"line":432},"68":{"name":"(anonymous_68)","decl":{"start":{"line":435,"column":48},"end":{"line":435,"column":49}},"loc":{"start":{"line":435,"column":54},"end":{"line":437,"column":5}},"line":435},"69":{"name":"(anonymous_69)","decl":{"start":{"line":443,"column":67},"end":{"line":443,"column":68}},"loc":{"start":{"line":443,"column":72},"end":{"line":443,"column":92}},"line":443},"70":{"name":"(anonymous_70)","decl":{"start":{"line":444,"column":67},"end":{"line":444,"column":68}},"loc":{"start":{"line":444,"column":72},"end":{"line":444,"column":93}},"line":444},"71":{"name":"(anonymous_71)","decl":{"start":{"line":484,"column":37},"end":{"line":484,"column":38}},"loc":{"start":{"line":485,"column":6},"end":{"line":495,"column":8}},"line":485},"72":{"name":"(anonymous_72)","decl":{"start":{"line":502,"column":48},"end":{"line":502,"column":49}},"loc":{"start":{"line":502,"column":54},"end":{"line":502,"column":83}},"line":502}},"branchMap":{"0":{"loc":{"start":{"line":56,"column":27},"end":{"line":56,"column":73}},"type":"cond-expr","locations":[{"start":{"line":56,"column":67},"end":{"line":56,"column":68}},{"start":{"line":56,"column":71},"end":{"line":56,"column":73}}],"line":56},"1":{"loc":{"start":{"line":87,"column":4},"end":{"line":94,"column":5}},"type":"if","locations":[{"start":{"line":87,"column":4},"end":{"line":94,"column":5}},{"start":{},"end":{}}],"line":87},"2":{"loc":{"start":{"line":90,"column":8},"end":{"line":92,"column":9}},"type":"if","locations":[{"start":{"line":90,"column":8},"end":{"line":92,"column":9}},{"start":{},"end":{}}],"line":90},"3":{"loc":{"start":{"line":116,"column":6},"end":{"line":132,"column":7}},"type":"if","locations":[{"start":{"line":116,"column":6},"end":{"line":132,"column":7}},{"start":{"line":118,"column":13},"end":{"line":132,"column":7}}],"line":116},"4":{"loc":{"start":{"line":118,"column":13},"end":{"line":132,"column":7}},"type":"if","locations":[{"start":{"line":118,"column":13},"end":{"line":132,"column":7}},{"start":{"line":120,"column":13},"end":{"line":132,"column":7}}],"line":118},"5":{"loc":{"start":{"line":120,"column":13},"end":{"line":132,"column":7}},"type":"if","locations":[{"start":{"line":120,"column":13},"end":{"line":132,"column":7}},{"start":{"line":122,"column":13},"end":{"line":132,"column":7}}],"line":120},"6":{"loc":{"start":{"line":122,"column":13},"end":{"line":132,"column":7}},"type":"if","locations":[{"start":{"line":122,"column":13},"end":{"line":132,"column":7}},{"start":{"line":124,"column":13},"end":{"line":132,"column":7}}],"line":122},"7":{"loc":{"start":{"line":124,"column":13},"end":{"line":132,"column":7}},"type":"if","locations":[{"start":{"line":124,"column":13},"end":{"line":132,"column":7}},{"start":{"line":126,"column":13},"end":{"line":132,"column":7}}],"line":124},"8":{"loc":{"start":{"line":126,"column":13},"end":{"line":132,"column":7}},"type":"if","locations":[{"start":{"line":126,"column":13},"end":{"line":132,"column":7}},{"start":{"line":128,"column":13},"end":{"line":132,"column":7}}],"line":126},"9":{"loc":{"start":{"line":128,"column":13},"end":{"line":132,"column":7}},"type":"if","locations":[{"start":{"line":128,"column":13},"end":{"line":132,"column":7}},{"start":{"line":130,"column":13},"end":{"line":132,"column":7}}],"line":128},"10":{"loc":{"start":{"line":130,"column":13},"end":{"line":132,"column":7}},"type":"if","locations":[{"start":{"line":130,"column":13},"end":{"line":132,"column":7}},{"start":{},"end":{}}],"line":130},"11":{"loc":{"start":{"line":145,"column":6},"end":{"line":147,"column":7}},"type":"if","locations":[{"start":{"line":145,"column":6},"end":{"line":147,"column":7}},{"start":{},"end":{}}],"line":145},"12":{"loc":{"start":{"line":171,"column":33},"end":{"line":171,"column":79}},"type":"cond-expr","locations":[{"start":{"line":171,"column":73},"end":{"line":171,"column":74}},{"start":{"line":171,"column":77},"end":{"line":171,"column":79}}],"line":171},"13":{"loc":{"start":{"line":178,"column":13},"end":{"line":178,"column":39}},"type":"cond-expr","locations":[{"start":{"line":178,"column":33},"end":{"line":178,"column":34}},{"start":{"line":178,"column":37},"end":{"line":178,"column":39}}],"line":178},"14":{"loc":{"start":{"line":184,"column":4},"end":{"line":188,"column":5}},"type":"if","locations":[{"start":{"line":184,"column":4},"end":{"line":188,"column":5}},{"start":{"line":186,"column":11},"end":{"line":188,"column":5}}],"line":184},"15":{"loc":{"start":{"line":186,"column":11},"end":{"line":188,"column":5}},"type":"if","locations":[{"start":{"line":186,"column":11},"end":{"line":188,"column":5}},{"start":{},"end":{}}],"line":186},"16":{"loc":{"start":{"line":195,"column":4},"end":{"line":204,"column":5}},"type":"if","locations":[{"start":{"line":195,"column":4},"end":{"line":204,"column":5}},{"start":{"line":201,"column":11},"end":{"line":204,"column":5}}],"line":195},"17":{"loc":{"start":{"line":208,"column":4},"end":{"line":212,"column":5}},"type":"if","locations":[{"start":{"line":208,"column":4},"end":{"line":212,"column":5}},{"start":{"line":210,"column":11},"end":{"line":212,"column":5}}],"line":208},"18":{"loc":{"start":{"line":216,"column":2},"end":{"line":507,"column":9}},"type":"cond-expr","locations":[{"start":{"line":217,"column":4},"end":{"line":455,"column":8}},{"start":{"line":457,"column":0},"end":{"line":507,"column":8}}],"line":216},"19":{"loc":{"start":{"line":263,"column":3},"end":{"line":264,"column":113}},"type":"cond-expr","locations":[{"start":{"line":264,"column":2},"end":{"line":264,"column":106}},{"start":{"line":264,"column":109},"end":{"line":264,"column":113}}],"line":263},"20":{"loc":{"start":{"line":263,"column":3},"end":{"line":263,"column":77}},"type":"binary-expr","locations":[{"start":{"line":263,"column":3},"end":{"line":263,"column":29}},{"start":{"line":263,"column":33},"end":{"line":263,"column":51}},{"start":{"line":263,"column":55},"end":{"line":263,"column":77}}],"line":263},"21":{"loc":{"start":{"line":307,"column":5},"end":{"line":308,"column":26}},"type":"cond-expr","locations":[{"start":{"line":308,"column":5},"end":{"line":308,"column":18}},{"start":{"line":308,"column":22},"end":{"line":308,"column":26}}],"line":307},"22":{"loc":{"start":{"line":328,"column":6},"end":{"line":329,"column":129}},"type":"cond-expr","locations":[{"start":{"line":329,"column":6},"end":{"line":329,"column":65}},{"start":{"line":329,"column":68},"end":{"line":329,"column":129}}],"line":328},"23":{"loc":{"start":{"line":347,"column":5},"end":{"line":348,"column":132}},"type":"cond-expr","locations":[{"start":{"line":348,"column":6},"end":{"line":348,"column":67}},{"start":{"line":348,"column":70},"end":{"line":348,"column":132}}],"line":347},"24":{"loc":{"start":{"line":366,"column":5},"end":{"line":367,"column":138}},"type":"cond-expr","locations":[{"start":{"line":367,"column":6},"end":{"line":367,"column":71}},{"start":{"line":367,"column":74},"end":{"line":367,"column":138}}],"line":366},"25":{"loc":{"start":{"line":385,"column":5},"end":{"line":386,"column":138}},"type":"cond-expr","locations":[{"start":{"line":386,"column":6},"end":{"line":386,"column":71}},{"start":{"line":386,"column":74},"end":{"line":386,"column":138}}],"line":385},"26":{"loc":{"start":{"line":404,"column":5},"end":{"line":405,"column":135}},"type":"cond-expr","locations":[{"start":{"line":405,"column":6},"end":{"line":405,"column":69}},{"start":{"line":405,"column":72},"end":{"line":405,"column":135}}],"line":404},"27":{"loc":{"start":{"line":423,"column":5},"end":{"line":424,"column":126}},"type":"cond-expr","locations":[{"start":{"line":424,"column":6},"end":{"line":424,"column":63}},{"start":{"line":424,"column":66},"end":{"line":424,"column":126}}],"line":423},"28":{"loc":{"start":{"line":501,"column":3},"end":{"line":502,"column":113}},"type":"cond-expr","locations":[{"start":{"line":502,"column":2},"end":{"line":502,"column":106}},{"start":{"line":502,"column":109},"end":{"line":502,"column":113}}],"line":501},"29":{"loc":{"start":{"line":501,"column":3},"end":{"line":501,"column":78}},"type":"binary-expr","locations":[{"start":{"line":501,"column":3},"end":{"line":501,"column":29}},{"start":{"line":501,"column":33},"end":{"line":501,"column":51}},{"start":{"line":501,"column":56},"end":{"line":501,"column":78}}],"line":501}},"s":{"0":2,"1":2,"2":2,"3":2,"4":2,"5":2,"6":2,"7":2,"8":2,"9":2,"10":2,"11":2,"12":2,"13":2,"14":2,"15":2,"16":2,"17":2,"18":2,"19":2,"20":2,"21":2,"22":2,"23":2,"24":1,"25":0,"26":0,"27":0,"28":0,"29":0,"30":0,"31":2,"32":1,"33":0,"34":0,"35":0,"36":2,"37":1,"38":1,"39":2,"40":0,"41":2,"42":0,"43":2,"44":0,"45":0,"46":0,"47":0,"48":0,"49":0,"50":2,"51":0,"52":0,"53":0,"54":0,"55":0,"56":0,"57":0,"58":0,"59":0,"60":0,"61":0,"62":0,"63":0,"64":0,"65":0,"66":0,"67":0,"68":0,"69":0,"70":0,"71":2,"72":2,"73":2,"74":2,"75":0,"76":0,"77":2,"78":2,"79":2,"80":2,"81":2,"82":2,"83":0,"84":0,"85":0,"86":0,"87":0,"88":2,"89":0,"90":0,"91":0,"92":0,"93":2,"94":0,"95":0,"96":0,"97":0,"98":2,"99":0,"100":0,"101":0,"102":0,"103":0,"104":2,"105":1,"106":1,"107":0,"108":0,"109":0,"110":0,"111":1,"112":1,"113":2,"114":0,"115":0,"116":0,"117":2,"118":0,"119":0,"120":0,"121":0,"122":0,"123":0,"124":0,"125":0,"126":0,"127":0,"128":0,"129":0,"130":0,"131":0,"132":0,"133":0,"134":0,"135":0,"136":0,"137":0,"138":0,"139":0,"140":0,"141":0,"142":0,"143":0,"144":0,"145":0,"146":0,"147":0,"148":0,"149":0,"150":0,"151":0,"152":0,"153":0,"154":0,"155":0,"156":0,"157":0,"158":0},"f":{"0":2,"1":1,"2":1,"3":0,"4":0,"5":0,"6":1,"7":0,"8":0,"9":1,"10":0,"11":0,"12":0,"13":0,"14":0,"15":0,"16":2,"17":0,"18":0,"19":0,"20":0,"21":0,"22":0,"23":0,"24":0,"25":0,"26":0,"27":0,"28":1,"29":0,"30":0,"31":0,"32":0,"33":0,"34":0,"35":0,"36":0,"37":0,"38":0,"39":0,"40":0,"41":0,"42":0,"43":0,"44":0,"45":0,"46":0,"47":0,"48":0,"49":0,"50":0,"51":0,"52":0,"53":0,"54":0,"55":0,"56":0,"57":0,"58":0,"59":0,"60":0,"61":0,"62":0,"63":0,"64":0,"65":0,"66":0,"67":0,"68":0,"69":0,"70":0,"71":0,"72":0},"b":{"0":[0,0],"1":[0,0],"2":[0,0],"3":[0,0],"4":[0,0],"5":[0,0],"6":[0,0],"7":[0,0],"8":[0,0],"9":[0,0],"10":[0,0],"11":[0,0],"12":[0,0],"13":[0,0],"14":[0,0],"15":[0,0],"16":[0,1],"17":[0,0],"18":[0,2],"19":[0,0],"20":[0,0,0],"21":[0,0],"22":[0,0],"23":[0,0],"24":[0,0],"25":[0,0],"26":[0,0],"27":[0,0],"28":[0,2],"29":[2,0,0]},"_coverageSchema":"1a1c01bbd47fc00a2c39e90264f33305004495a9","hash":"0313c854401647581ad3d63552199b876540f2c6"}
,"/Users/zhangfan/Dropbox/HackReactor/frontend-capstone-wolverines/client/src/components/Reviews/ReviewListEntry.jsx": {"path":"/Users/zhangfan/Dropbox/HackReactor/frontend-capstone-wolverines/client/src/components/Reviews/ReviewListEntry.jsx","statementMap":{"0":{"start":{"line":9,"column":32},"end":{"line":9,"column":59}},"1":{"start":{"line":10,"column":38},"end":{"line":10,"column":65}},"2":{"start":{"line":11,"column":32},"end":{"line":11,"column":44}},"3":{"start":{"line":12,"column":36},"end":{"line":12,"column":61}},"4":{"start":{"line":16,"column":16},"end":{"line":16,"column":23}},"5":{"start":{"line":18,"column":23},"end":{"line":28,"column":3}},"6":{"start":{"line":21,"column":4},"end":{"line":21,"column":13}},"7":{"start":{"line":22,"column":4},"end":{"line":27,"column":37}},"8":{"start":{"line":25,"column":6},"end":{"line":25,"column":25}},"9":{"start":{"line":27,"column":20},"end":{"line":27,"column":36}},"10":{"start":{"line":30,"column":29},"end":{"line":38,"column":3}},"11":{"start":{"line":31,"column":4},"end":{"line":31,"column":13}},"12":{"start":{"line":32,"column":4},"end":{"line":37,"column":37}},"13":{"start":{"line":35,"column":6},"end":{"line":35,"column":25}},"14":{"start":{"line":37,"column":20},"end":{"line":37,"column":36}},"15":{"start":{"line":40,"column":22},"end":{"line":44,"column":3}},"16":{"start":{"line":41,"column":4},"end":{"line":43,"column":5}},"17":{"start":{"line":42,"column":6},"end":{"line":42,"column":52}},"18":{"start":{"line":49,"column":2},"end":{"line":74,"column":3}},"19":{"start":{"line":62,"column":85},"end":{"line":62,"column":107}},"20":{"start":{"line":69,"column":20},"end":{"line":69,"column":48}}},"fnMap":{"0":{"name":"ReviewListEntry","decl":{"start":{"line":8,"column":24},"end":{"line":8,"column":39}},"loc":{"start":{"line":8,"column":47},"end":{"line":75,"column":1}},"line":8},"1":{"name":"(anonymous_1)","decl":{"start":{"line":18,"column":23},"end":{"line":18,"column":24}},"loc":{"start":{"line":18,"column":31},"end":{"line":28,"column":3}},"line":18},"2":{"name":"(anonymous_2)","decl":{"start":{"line":23,"column":10},"end":{"line":23,"column":11}},"loc":{"start":{"line":23,"column":24},"end":{"line":26,"column":5}},"line":23},"3":{"name":"(anonymous_3)","decl":{"start":{"line":27,"column":11},"end":{"line":27,"column":12}},"loc":{"start":{"line":27,"column":20},"end":{"line":27,"column":36}},"line":27},"4":{"name":"(anonymous_4)","decl":{"start":{"line":30,"column":29},"end":{"line":30,"column":30}},"loc":{"start":{"line":30,"column":37},"end":{"line":38,"column":3}},"line":30},"5":{"name":"(anonymous_5)","decl":{"start":{"line":33,"column":10},"end":{"line":33,"column":11}},"loc":{"start":{"line":33,"column":24},"end":{"line":36,"column":5}},"line":33},"6":{"name":"(anonymous_6)","decl":{"start":{"line":37,"column":11},"end":{"line":37,"column":12}},"loc":{"start":{"line":37,"column":20},"end":{"line":37,"column":36}},"line":37},"7":{"name":"(anonymous_7)","decl":{"start":{"line":40,"column":22},"end":{"line":40,"column":23}},"loc":{"start":{"line":40,"column":32},"end":{"line":44,"column":3}},"line":40},"8":{"name":"(anonymous_8)","decl":{"start":{"line":62,"column":78},"end":{"line":62,"column":79}},"loc":{"start":{"line":62,"column":84},"end":{"line":62,"column":108}},"line":62},"9":{"name":"(anonymous_9)","decl":{"start":{"line":69,"column":13},"end":{"line":69,"column":14}},"loc":{"start":{"line":69,"column":19},"end":{"line":69,"column":49}},"line":69}},"branchMap":{"0":{"loc":{"start":{"line":41,"column":4},"end":{"line":43,"column":5}},"type":"if","locations":[{"start":{"line":41,"column":4},"end":{"line":43,"column":5}},{"start":{},"end":{}}],"line":41}},"s":{"0":2,"1":2,"2":2,"3":2,"4":2,"5":2,"6":0,"7":0,"8":0,"9":0,"10":2,"11":0,"12":0,"13":0,"14":0,"15":2,"16":2,"17":0,"18":2,"19":0,"20":0},"f":{"0":2,"1":0,"2":0,"3":0,"4":0,"5":0,"6":0,"7":2,"8":0,"9":0},"b":{"0":[0,2]},"_coverageSchema":"1a1c01bbd47fc00a2c39e90264f33305004495a9","hash":"76725d11df2e0cddd5dffaaf37ad9711877b6b67"}
,"/Users/zhangfan/Dropbox/HackReactor/frontend-capstone-wolverines/client/test/sampleData.js": {"path":"/Users/zhangfan/Dropbox/HackReactor/frontend-capstone-wolverines/client/test/sampleData.js","statementMap":{"0":{"start":{"line":1,"column":15},"end":{"line":26,"column":1}},"1":{"start":{"line":28,"column":16},"end":{"line":38,"column":1}},"2":{"start":{"line":40,"column":15},"end":{"line":43,"column":1}},"3":{"start":{"line":45,"column":13},"end":{"line":70,"column":1}},"4":{"start":{"line":72,"column":13},"end":{"line":74,"column":1}}},"fnMap":{},"branchMap":{},"s":{"0":1,"1":1,"2":1,"3":1,"4":1},"f":{},"b":{},"_coverageSchema":"1a1c01bbd47fc00a2c39e90264f33305004495a9","hash":"b7e4cb8df744f4df1e366cc9e5f161bf5955e26f"}
}
