TN:
SF:client/src/components/App.jsx
FN:10,App
FN:25,(anonymous_1)
FN:27,(anonymous_2)
FN:28,(anonymous_3)
FN:32,(anonymous_4)
FN:42,searchProduct
FN:43,(anonymous_6)
FN:50,updateProduct
FN:52,(anonymous_8)
FN:59,(anonymous_9)
FN:61,(anonymous_10)
FN:62,(anonymous_11)
FN:66,(anonymous_12)
FN:70,(anonymous_13)
FN:77,(anonymous_14)
FN:83,(anonymous_15)
FN:90,(anonymous_16)
FN:94,(anonymous_17)
FN:99,(anonymous_18)
FNF:19
FNH:2
FNDA:2,App
FNDA:2,(anonymous_1)
FNDA:0,(anonymous_2)
FNDA:0,(anonymous_3)
FNDA:0,(anonymous_4)
FNDA:0,searchProduct
FNDA:0,(anonymous_6)
FNDA:0,updateProduct
FNDA:0,(anonymous_8)
FNDA:0,(anonymous_9)
FNDA:0,(anonymous_10)
FNDA:0,(anonymous_11)
FNDA:0,(anonymous_12)
FNDA:0,(anonymous_13)
FNDA:0,(anonymous_14)
FNDA:0,(anonymous_15)
FNDA:0,(anonymous_16)
FNDA:0,(anonymous_17)
FNDA:0,(anonymous_18)
DA:13,2
DA:14,2
DA:16,2
DA:17,2
DA:19,2
DA:21,2
DA:23,2
DA:25,2
DA:26,2
DA:27,0
DA:28,0
DA:31,2
DA:32,2
DA:33,0
DA:34,0
DA:36,0
DA:40,2
DA:43,0
DA:44,0
DA:45,0
DA:51,0
DA:52,0
DA:53,0
DA:54,0
DA:59,2
DA:60,0
DA:61,0
DA:62,0
DA:66,2
DA:67,0
DA:70,2
DA:71,0
DA:72,0
DA:73,0
DA:77,2
DA:78,0
DA:79,0
DA:80,0
DA:83,2
DA:84,0
DA:85,0
DA:86,0
DA:90,2
DA:91,0
DA:94,2
DA:95,0
DA:99,2
DA:100,0
DA:103,2
LF:49
LH:21
BRDA:33,0,0,0
BRDA:33,0,1,0
BRDA:44,1,0,0
BRDA:44,1,1,0
BRDA:53,2,0,0
BRDA:53,2,1,0
BRDA:106,3,0,0
BRDA:106,3,1,2
BRDA:108,4,0,0
BRDA:108,4,1,0
BRDA:108,5,0,0
BRDA:108,5,1,0
BRDA:112,6,0,0
BRDA:112,6,1,0
BRDA:112,7,0,0
BRDA:112,7,1,0
BRF:16
BRH:1
end_of_record
TN:
SF:client/src/components/Overview/Nav.jsx
FN:4,Nav
FN:9,changeSearch
FN:13,clickHandler
FN:17,Darkmode
FN:28,(anonymous_4)
FN:32,(anonymous_5)
FN:32,(anonymous_6)
FNF:7
FNH:0
FNDA:0,Nav
FNDA:0,changeSearch
FNDA:0,clickHandler
FNDA:0,Darkmode
FNDA:0,(anonymous_4)
FNDA:0,(anonymous_5)
FNDA:0,(anonymous_6)
DA:5,0
DA:6,0
DA:7,0
DA:10,0
DA:14,0
DA:18,0
DA:21,0
DA:22,0
DA:24,0
DA:29,0
DA:32,0
DA:55,2
DA:63,2
DA:71,2
DA:76,2
DA:82,2
DA:89,2
DA:99,2
DA:107,2
DA:118,2
DA:124,2
DA:130,2
DA:136,2
DA:142,2
LF:24
LH:13
BRDA:21,0,0,0
BRDA:21,0,1,0
BRDA:22,1,0,0
BRDA:22,1,1,0
BRF:4
BRH:0
end_of_record
TN:
SF:client/src/components/Overview/Overview.jsx
FN:14,Overview
FN:24,(anonymous_1)
FN:26,(anonymous_2)
FN:36,(anonymous_3)
FN:40,(anonymous_4)
FN:40,(anonymous_5)
FN:41,(anonymous_6)
FN:42,(anonymous_7)
FN:47,changeStyle
FN:51,addYourOutfit
FNF:10
FNH:0
FNDA:0,Overview
FNDA:0,(anonymous_1)
FNDA:0,(anonymous_2)
FNDA:0,(anonymous_3)
FNDA:0,(anonymous_4)
FNDA:0,(anonymous_5)
FNDA:0,(anonymous_6)
FNDA:0,(anonymous_7)
FNDA:0,changeStyle
FNDA:0,addYourOutfit
DA:15,0
DA:16,0
DA:17,0
DA:18,0
DA:19,0
DA:20,0
DA:24,0
DA:25,0
DA:27,0
DA:28,0
DA:29,0
DA:30,0
DA:31,0
DA:32,0
DA:36,0
DA:39,0
DA:40,0
DA:41,0
DA:42,0
DA:45,0
DA:48,0
DA:52,0
DA:53,0
DA:55,0
DA:59,0
DA:98,2
DA:104,2
DA:109,2
DA:115,2
DA:122,2
DA:128,2
DA:134,2
DA:140,2
DA:146,2
DA:153,2
LF:35
LH:10
BRDA:30,0,0,0
BRDA:30,0,1,0
BRDA:52,1,0,0
BRDA:52,1,1,0
BRDA:62,2,0,0
BRDA:62,2,1,0
BRDA:65,3,0,0
BRDA:65,3,1,0
BRDA:76,4,0,0
BRDA:76,4,1,0
BRDA:78,5,0,0
BRDA:78,5,1,0
BRDA:81,6,0,0
BRDA:81,6,1,0
BRDA:85,7,0,0
BRDA:85,7,1,0
BRF:16
BRH:0
end_of_record
TN:
SF:client/src/components/Overview/Photos.jsx
FN:4,Photos
FN:8,changeCurImage
FN:34,(anonymous_2)
FN:36,(anonymous_3)
FN:41,(anonymous_4)
FN:46,(anonymous_5)
FN:50,(anonymous_6)
FN:50,(anonymous_7)
FN:52,(anonymous_8)
FN:54,(anonymous_9)
FN:54,(anonymous_10)
FNF:11
FNH:0
FNDA:0,Photos
FNDA:0,changeCurImage
FNDA:0,(anonymous_2)
FNDA:0,(anonymous_3)
FNDA:0,(anonymous_4)
FNDA:0,(anonymous_5)
FNDA:0,(anonymous_6)
FNDA:0,(anonymous_7)
FNDA:0,(anonymous_8)
FNDA:0,(anonymous_9)
FNDA:0,(anonymous_10)
DA:5,0
DA:6,0
DA:9,0
DA:10,0
DA:12,0
DA:13,0
DA:17,0
DA:19,0
DA:29,0
DA:31,0
DA:34,0
DA:37,0
DA:38,0
DA:40,0
DA:41,0
DA:46,0
DA:50,0
DA:52,0
DA:54,0
DA:62,2
DA:68,2
DA:76,2
DA:81,2
DA:88,2
DA:94,2
DA:101,2
DA:107,2
DA:116,2
LF:28
LH:9
BRDA:9,0,0,0
BRDA:9,0,1,0
BRDA:9,1,0,0
BRDA:9,1,1,0
BRDA:12,2,0,0
BRDA:12,2,1,0
BRDA:12,3,0,0
BRDA:12,3,1,0
BRDA:20,4,0,0
BRDA:20,4,1,0
BRDA:25,5,0,0
BRDA:25,5,1,0
BRDA:26,6,0,0
BRDA:26,6,1,0
BRDA:29,7,0,0
BRDA:29,7,1,0
BRDA:37,8,0,0
BRDA:37,8,1,0
BRDA:40,9,0,0
BRDA:40,9,1,0
BRDA:50,10,0,0
BRDA:50,10,1,0
BRDA:54,11,0,0
BRDA:54,11,1,0
BRF:24
BRH:0
end_of_record
TN:
SF:client/src/components/Overview/Share.jsx
FN:6,Share
FNF:1
FNH:0
FNDA:0,Share
DA:8,0
DA:28,2
DA:33,2
LF:3
LH:2
BRF:0
BRH:0
end_of_record
TN:
SF:client/src/components/Overview/Skus.jsx
FN:6,Skus
FN:14,changeSize
FN:22,(anonymous_2)
FN:35,(anonymous_3)
FN:37,changeQuant
FN:41,addCart
FN:53,starClick
FNF:7
FNH:3
FNDA:3,Skus
FNDA:0,changeSize
FNDA:12,(anonymous_2)
FNDA:0,(anonymous_3)
FNDA:0,changeQuant
FNDA:1,addCart
FNDA:0,starClick
DA:7,3
DA:8,3
DA:9,3
DA:10,3
DA:11,3
DA:12,3
DA:15,0
DA:16,0
DA:17,0
DA:18,0
DA:21,3
DA:22,3
DA:23,12
DA:24,12
DA:27,3
DA:31,3
DA:35,3
DA:38,0
DA:42,1
DA:43,1
DA:45,0
DA:46,0
DA:48,0
DA:49,0
DA:54,0
DA:55,0
DA:57,0
DA:59,0
DA:62,3
DA:95,2
DA:99,2
DA:103,2
DA:107,2
DA:112,2
DA:119,2
DA:124,2
DA:139,2
DA:152,2
DA:159,2
LF:39
LH:26
BRDA:23,0,0,12
BRDA:23,0,1,0
BRDA:42,1,0,1
BRDA:42,1,1,0
BRDA:45,2,0,0
BRDA:45,2,1,0
BRDA:54,3,0,0
BRDA:54,3,1,0
BRDA:67,4,0,2
BRDA:67,4,1,1
BRDA:72,5,0,0
BRDA:72,5,1,3
BRDA:77,6,0,2
BRDA:77,6,1,1
BRDA:82,7,0,3
BRDA:82,7,1,0
BRF:16
BRH:8
end_of_record
TN:
SF:client/src/components/Overview/Style.jsx
FN:4,Style
FN:6,(anonymous_1)
FN:15,(anonymous_2)
FN:19,(anonymous_3)
FNF:4
FNH:0
FNDA:0,Style
FNDA:0,(anonymous_1)
FNDA:0,(anonymous_2)
FNDA:0,(anonymous_3)
DA:6,0
DA:7,0
DA:8,0
DA:11,0
DA:16,0
DA:17,0
DA:19,0
DA:27,2
DA:32,2
DA:37,2
DA:42,2
DA:48,2
DA:55,2
LF:13
LH:6
BRDA:16,0,0,0
BRDA:16,0,1,0
BRF:2
BRH:0
end_of_record
TN:
SF:client/src/components/QandAs/AddAnswer.jsx
FN:6,(anonymous_0)
FN:21,(anonymous_1)
FN:26,(anonymous_2)
FN:30,(anonymous_3)
FN:31,(anonymous_4)
FN:36,(anonymous_5)
FN:43,(anonymous_6)
FN:46,(anonymous_7)
FN:60,(anonymous_8)
FN:64,(anonymous_9)
FN:77,(anonymous_10)
FN:84,(anonymous_11)
FN:86,cleanup
FN:93,(anonymous_13)
FN:94,(anonymous_14)
FN:96,(anonymous_15)
FN:101,(anonymous_16)
FN:110,(anonymous_17)
FN:123,(anonymous_18)
FN:136,(anonymous_19)
FN:156,(anonymous_20)
FNF:21
FNH:0
FNDA:0,(anonymous_0)
FNDA:0,(anonymous_1)
FNDA:0,(anonymous_2)
FNDA:0,(anonymous_3)
FNDA:0,(anonymous_4)
FNDA:0,(anonymous_5)
FNDA:0,(anonymous_6)
FNDA:0,(anonymous_7)
FNDA:0,(anonymous_8)
FNDA:0,(anonymous_9)
FNDA:0,(anonymous_10)
FNDA:0,(anonymous_11)
FNDA:0,cleanup
FNDA:0,(anonymous_13)
FNDA:0,(anonymous_14)
FNDA:0,(anonymous_15)
FNDA:0,(anonymous_16)
FNDA:0,(anonymous_17)
FNDA:0,(anonymous_18)
FNDA:0,(anonymous_19)
FNDA:0,(anonymous_20)
DA:6,2
DA:7,0
DA:14,0
DA:16,0
DA:18,0
DA:21,0
DA:22,0
DA:23,0
DA:26,0
DA:27,0
DA:29,0
DA:30,0
DA:31,0
DA:32,0
DA:36,0
DA:37,0
DA:38,0
DA:43,0
DA:44,0
DA:45,0
DA:46,0
DA:47,0
DA:48,0
DA:49,0
DA:50,0
DA:51,0
DA:53,0
DA:54,0
DA:60,0
DA:61,0
DA:62,0
DA:63,0
DA:64,0
DA:65,0
DA:66,0
DA:77,0
DA:78,0
DA:79,0
DA:84,0
DA:85,0
DA:86,0
DA:87,0
DA:92,0
DA:93,0
DA:94,0
DA:96,0
DA:101,0
DA:110,0
DA:123,0
DA:136,0
DA:156,0
LF:51
LH:1
BRDA:37,0,0,0
BRDA:37,0,1,0
BRDA:37,1,0,0
BRDA:37,1,1,0
BRDA:142,2,0,0
BRDA:142,2,1,0
BRDA:154,3,0,0
BRDA:154,3,1,0
BRF:8
BRH:0
end_of_record
TN:
SF:client/src/components/QandAs/AddQuestion.jsx
FN:5,AddQuestion
FN:15,(anonymous_1)
FN:20,(anonymous_2)
FN:25,(anonymous_3)
FN:26,(anonymous_4)
FN:30,(anonymous_5)
FN:36,(anonymous_6)
FN:38,cleanup
FN:44,(anonymous_8)
FN:45,(anonymous_9)
FN:47,(anonymous_10)
FN:52,(anonymous_11)
FN:61,(anonymous_12)
FN:73,(anonymous_13)
FN:84,(anonymous_14)
FNF:15
FNH:0
FNDA:0,AddQuestion
FNDA:0,(anonymous_1)
FNDA:0,(anonymous_2)
FNDA:0,(anonymous_3)
FNDA:0,(anonymous_4)
FNDA:0,(anonymous_5)
FNDA:0,(anonymous_6)
FNDA:0,cleanup
FNDA:0,(anonymous_8)
FNDA:0,(anonymous_9)
FNDA:0,(anonymous_10)
FNDA:0,(anonymous_11)
FNDA:0,(anonymous_12)
FNDA:0,(anonymous_13)
FNDA:0,(anonymous_14)
DA:6,0
DA:13,0
DA:15,0
DA:16,0
DA:17,0
DA:20,0
DA:21,0
DA:22,0
DA:24,0
DA:25,0
DA:26,0
DA:30,0
DA:31,0
DA:32,0
DA:36,0
DA:37,0
DA:38,0
DA:39,0
DA:43,0
DA:44,0
DA:45,0
DA:47,0
DA:52,0
DA:61,0
DA:73,0
DA:84,0
LF:26
LH:0
BRDA:31,0,0,0
BRDA:31,0,1,0
BRDA:31,1,0,0
BRDA:31,1,1,0
BRF:4
BRH:0
end_of_record
TN:
SF:client/src/components/QandAs/QandAs.jsx
FN:7,QandAs
FN:19,(anonymous_1)
FN:22,(anonymous_2)
FN:25,(anonymous_3)
FN:51,(anonymous_4)
FN:53,(anonymous_5)
FN:62,(anonymous_6)
FN:65,(anonymous_7)
FN:80,(anonymous_8)
FN:86,(anonymous_9)
FN:99,(anonymous_10)
FN:104,(anonymous_11)
FNF:12
FNH:2
FNDA:1,QandAs
FNDA:0,(anonymous_1)
FNDA:0,(anonymous_2)
FNDA:0,(anonymous_3)
FNDA:1,(anonymous_4)
FNDA:0,(anonymous_5)
FNDA:0,(anonymous_6)
FNDA:0,(anonymous_7)
FNDA:0,(anonymous_8)
FNDA:0,(anonymous_9)
FNDA:0,(anonymous_10)
FNDA:0,(anonymous_11)
DA:9,1
DA:10,1
DA:11,1
DA:12,1
DA:16,1
DA:19,1
DA:20,0
DA:22,1
DA:23,0
DA:25,1
DA:26,0
DA:27,0
DA:28,0
DA:29,0
DA:30,0
DA:32,0
DA:33,0
DA:35,0
DA:48,0
DA:51,1
DA:52,1
DA:54,0
DA:55,0
DA:56,0
DA:57,0
DA:59,0
DA:60,0
DA:62,0
DA:65,1
DA:66,0
DA:67,0
DA:68,0
DA:71,0
DA:72,0
DA:73,0
DA:74,0
DA:77,0
DA:80,1
DA:81,0
DA:82,0
DA:86,1
DA:87,0
DA:90,1
DA:93,1
DA:100,0
DA:105,0
LF:46
LH:15
BRDA:51,0,0,1
BRDA:67,1,0,0
BRDA:67,1,1,0
BRDA:67,2,0,0
BRDA:67,2,1,0
BRDA:71,3,0,0
BRDA:71,3,1,0
BRDA:71,4,0,0
BRDA:71,4,1,0
BRDA:73,5,0,0
BRDA:73,5,1,0
BRDA:73,6,0,0
BRDA:73,6,1,0
BRDA:97,7,0,0
BRDA:97,7,1,1
BRDA:104,8,0,0
BRDA:104,8,1,0
BRDA:114,9,0,0
BRDA:114,9,1,0
BRF:19
BRH:2
end_of_record
TN:
SF:client/src/components/QandAs/Question.jsx
FN:7,(anonymous_0)
FN:22,(anonymous_1)
FN:26,(anonymous_2)
FN:28,(anonymous_3)
FN:33,(anonymous_4)
FN:38,(anonymous_5)
FN:39,(anonymous_6)
FN:45,(anonymous_7)
FN:50,(anonymous_8)
FN:51,(anonymous_9)
FN:57,(anonymous_10)
FN:62,(anonymous_11)
FN:63,(anonymous_12)
FN:79,(anonymous_13)
FN:83,(anonymous_14)
FN:89,(anonymous_15)
FN:102,(anonymous_16)
FN:110,(anonymous_17)
FN:118,(anonymous_18)
FN:131,(anonymous_19)
FN:139,(anonymous_20)
FNF:21
FNH:0
FNDA:0,(anonymous_0)
FNDA:0,(anonymous_1)
FNDA:0,(anonymous_2)
FNDA:0,(anonymous_3)
FNDA:0,(anonymous_4)
FNDA:0,(anonymous_5)
FNDA:0,(anonymous_6)
FNDA:0,(anonymous_7)
FNDA:0,(anonymous_8)
FNDA:0,(anonymous_9)
FNDA:0,(anonymous_10)
FNDA:0,(anonymous_11)
FNDA:0,(anonymous_12)
FNDA:0,(anonymous_13)
FNDA:0,(anonymous_14)
FNDA:0,(anonymous_15)
FNDA:0,(anonymous_16)
FNDA:0,(anonymous_17)
FNDA:0,(anonymous_18)
FNDA:0,(anonymous_19)
FNDA:0,(anonymous_20)
DA:7,3
DA:10,0
DA:12,0
DA:16,0
DA:18,0
DA:20,0
DA:22,0
DA:23,0
DA:26,0
DA:28,0
DA:29,0
DA:30,0
DA:33,0
DA:34,0
DA:35,0
DA:36,0
DA:37,0
DA:38,0
DA:39,0
DA:40,0
DA:41,0
DA:45,0
DA:46,0
DA:47,0
DA:48,0
DA:49,0
DA:50,0
DA:51,0
DA:52,0
DA:53,0
DA:57,0
DA:58,0
DA:59,0
DA:60,0
DA:61,0
DA:62,0
DA:63,0
DA:64,0
DA:65,0
DA:69,0
DA:79,0
DA:83,0
DA:90,0
DA:102,0
DA:110,0
DA:119,0
DA:131,0
DA:139,0
LF:48
LH:1
BRDA:34,0,0,0
BRDA:34,0,1,0
BRDA:40,1,0,0
BRDA:40,1,1,0
BRDA:46,2,0,0
BRDA:46,2,1,0
BRDA:52,3,0,0
BRDA:52,3,1,0
BRDA:58,4,0,0
BRDA:58,4,1,0
BRDA:64,5,0,0
BRDA:64,5,1,0
BRDA:118,6,0,0
BRDA:118,6,1,0
BRDA:147,7,0,0
BRDA:147,7,1,0
BRDA:153,8,0,0
BRDA:153,8,1,0
BRF:18
BRH:0
end_of_record
TN:
SF:client/src/components/QandAs/SearchQuestions.jsx
FN:5,SearchQuestions
FN:9,(anonymous_1)
FN:20,(anonymous_2)
FN:27,(anonymous_3)
FN:32,(anonymous_4)
FNF:5
FNH:1
FNDA:1,SearchQuestions
FNDA:0,(anonymous_1)
FNDA:0,(anonymous_2)
FNDA:0,(anonymous_3)
FNDA:0,(anonymous_4)
DA:7,1
DA:9,1
DA:10,0
DA:11,0
DA:13,0
DA:14,0
DA:16,0
DA:20,1
DA:21,0
DA:22,0
DA:25,1
DA:27,0
DA:32,0
LF:13
LH:4
BRDA:13,0,0,0
BRDA:13,0,1,0
BRF:2
BRH:0
end_of_record
TN:
SF:client/src/components/RelatedItems/ComparisonModal.jsx
FN:49,(anonymous_0)
FN:50,(anonymous_1)
FN:62,(anonymous_2)
FN:74,(anonymous_3)
FNF:4
FNH:0
FNDA:0,(anonymous_0)
FNDA:0,(anonymous_1)
FNDA:0,(anonymous_2)
FNDA:0,(anonymous_3)
DA:49,3
DA:50,0
DA:51,0
DA:52,0
DA:55,0
DA:57,0
DA:62,0
DA:75,0
DA:76,0
DA:77,0
DA:78,0
DA:80,0
DA:82,0
DA:90,3
DA:94,3
DA:101,3
DA:106,3
DA:118,3
DA:129,3
DA:143,3
LF:20
LH:8
BRDA:75,0,0,0
BRDA:75,0,1,0
BRDA:76,1,0,0
BRDA:76,1,1,0
BRF:4
BRH:0
end_of_record
TN:
SF:client/src/components/RelatedItems/OutfitCard.jsx
FN:12,(anonymous_0)
FN:31,(anonymous_1)
FN:35,(anonymous_2)
FN:43,(anonymous_3)
FN:49,(anonymous_4)
FN:49,(anonymous_5)
FN:50,(anonymous_6)
FN:55,(anonymous_7)
FN:59,(anonymous_8)
FN:60,(anonymous_9)
FN:88,(anonymous_10)
FN:94,(anonymous_11)
FN:100,(anonymous_12)
FNF:13
FNH:0
FNDA:0,(anonymous_0)
FNDA:0,(anonymous_1)
FNDA:0,(anonymous_2)
FNDA:0,(anonymous_3)
FNDA:0,(anonymous_4)
FNDA:0,(anonymous_5)
FNDA:0,(anonymous_6)
FNDA:0,(anonymous_7)
FNDA:0,(anonymous_8)
FNDA:0,(anonymous_9)
FNDA:0,(anonymous_10)
FNDA:0,(anonymous_11)
FNDA:0,(anonymous_12)
DA:13,0
DA:14,0
DA:15,0
DA:26,0
DA:32,0
DA:34,0
DA:36,0
DA:44,0
DA:48,0
DA:49,0
DA:51,0
DA:55,0
DA:58,0
DA:60,0
DA:63,0
DA:64,0
DA:65,0
DA:70,0
DA:71,0
DA:76,0
DA:77,0
DA:82,0
DA:89,0
DA:95,0
DA:96,0
DA:97,0
DA:108,0
DA:109,0
DA:114,0
DA:119,0
DA:179,3
DA:187,3
DA:191,3
DA:207,3
DA:219,3
DA:228,3
LF:36
LH:6
BRDA:63,0,0,0
BRDA:63,0,1,0
BRDA:76,1,0,0
BRDA:76,1,1,0
BRDA:110,2,0,0
BRDA:110,2,1,0
BRDA:111,3,0,0
BRDA:111,3,1,0
BRDA:123,4,0,0
BRDA:123,4,1,0
BRDA:127,5,0,0
BRDA:127,5,1,0
BRDA:162,6,0,0
BRDA:162,6,1,0
BRF:14
BRH:0
end_of_record
TN:
SF:client/src/components/RelatedItems/RelatedItems.jsx
FN:7,RelatedItems
FN:10,(anonymous_1)
FN:13,(anonymous_2)
FN:16,(anonymous_3)
FN:28,(anonymous_4)
FNF:5
FNH:2
FNDA:1,RelatedItems
FNDA:1,(anonymous_1)
FNDA:0,(anonymous_2)
FNDA:0,(anonymous_3)
FNDA:0,(anonymous_4)
DA:8,1
DA:10,1
DA:12,1
DA:15,0
DA:16,0
DA:17,0
DA:18,0
DA:22,0
DA:29,0
DA:33,1
DA:35,1
DA:149,3
DA:158,3
LF:13
LH:7
BRDA:17,0,0,0
BRDA:17,0,1,0
BRF:2
BRH:0
end_of_record
TN:
SF:client/src/components/RelatedItems/RelatedProductCard.jsx
FN:7,RelatedProductCard
FN:18,(anonymous_1)
FN:21,(anonymous_2)
FN:25,(anonymous_3)
FN:27,(anonymous_4)
FN:33,(anonymous_5)
FN:33,(anonymous_6)
FN:34,(anonymous_7)
FN:37,(anonymous_8)
FN:41,(anonymous_9)
FN:43,(anonymous_10)
FN:56,(anonymous_11)
FN:59,(anonymous_12)
FN:63,(anonymous_13)
FN:72,handleCompareClick
FN:77,changeProduct
FN:81,combineFeatures
FN:87,(anonymous_17)
FN:97,(anonymous_18)
FNF:19
FNH:0
FNDA:0,RelatedProductCard
FNDA:0,(anonymous_1)
FNDA:0,(anonymous_2)
FNDA:0,(anonymous_3)
FNDA:0,(anonymous_4)
FNDA:0,(anonymous_5)
FNDA:0,(anonymous_6)
FNDA:0,(anonymous_7)
FNDA:0,(anonymous_8)
FNDA:0,(anonymous_9)
FNDA:0,(anonymous_10)
FNDA:0,(anonymous_11)
FNDA:0,(anonymous_12)
FNDA:0,(anonymous_13)
FNDA:0,handleCompareClick
FNDA:0,changeProduct
FNDA:0,combineFeatures
FNDA:0,(anonymous_17)
FNDA:0,(anonymous_18)
DA:8,0
DA:9,0
DA:10,0
DA:11,0
DA:12,0
DA:13,0
DA:14,0
DA:15,0
DA:16,0
DA:18,0
DA:19,0
DA:20,0
DA:22,0
DA:23,0
DA:24,0
DA:25,0
DA:28,0
DA:32,0
DA:33,0
DA:35,0
DA:37,0
DA:40,0
DA:43,0
DA:46,0
DA:47,0
DA:48,0
DA:51,0
DA:52,0
DA:55,0
DA:56,0
DA:57,0
DA:59,0
DA:60,0
DA:64,0
DA:69,0
DA:73,0
DA:74,0
DA:78,0
DA:84,0
DA:85,0
DA:87,0
DA:88,0
DA:89,0
DA:90,0
DA:92,0
DA:97,0
DA:98,0
DA:99,0
DA:100,0
DA:101,0
DA:103,0
DA:104,0
DA:106,0
DA:107,0
DA:109,0
DA:113,0
DA:114,0
DA:115,0
DA:118,0
DA:119,0
DA:122,0
DA:125,0
DA:130,0
DA:137,0
DA:430,3
DA:438,3
DA:442,3
DA:458,3
DA:470,3
DA:479,3
LF:70
LH:6
BRDA:46,0,0,0
BRDA:46,0,1,0
BRDA:55,1,0,0
BRDA:55,1,1,0
BRDA:88,2,0,0
BRDA:88,2,1,0
BRDA:89,3,0,0
BRDA:89,3,1,0
BRDA:98,4,0,0
BRDA:98,4,1,0
BRDA:99,5,0,0
BRDA:99,5,1,0
BRDA:106,6,0,0
BRDA:106,6,1,0
BRDA:126,7,0,0
BRDA:126,7,1,0
BRDA:127,8,0,0
BRDA:127,8,1,0
BRDA:143,9,0,0
BRDA:143,9,1,0
BRDA:147,10,0,0
BRDA:147,10,1,0
BRDA:182,11,0,0
BRDA:182,11,1,0
BRF:24
BRH:0
end_of_record
TN:
SF:client/src/components/RelatedItems/RelatedProductsList.jsx
FN:6,RelatedProductList
FN:12,(anonymous_1)
FN:14,(anonymous_2)
FN:17,(anonymous_3)
FN:19,(anonymous_4)
FN:26,scrollLeft
FN:41,scrollRight
FN:59,isOverflowing
FN:86,(anonymous_8)
FNF:9
FNH:2
FNDA:1,RelatedProductList
FNDA:1,(anonymous_1)
FNDA:0,(anonymous_2)
FNDA:0,(anonymous_3)
FNDA:0,(anonymous_4)
FNDA:0,scrollLeft
FNDA:0,scrollRight
FNDA:0,isOverflowing
FNDA:0,(anonymous_8)
DA:7,1
DA:8,1
DA:9,1
DA:10,1
DA:12,1
DA:13,1
DA:15,0
DA:18,0
DA:20,0
DA:24,1
DA:28,0
DA:30,0
DA:33,0
DA:36,0
DA:37,0
DA:43,0
DA:46,0
DA:48,0
DA:51,0
DA:54,0
DA:55,0
DA:61,0
DA:64,0
DA:65,0
DA:68,1
DA:88,0
DA:241,3
DA:253,3
DA:273,3
LF:29
LH:11
BRDA:36,0,0,0
BRDA:36,0,1,0
BRDA:54,1,0,0
BRDA:54,1,1,0
BRDA:73,2,0,1
BRDA:73,2,1,0
BRDA:82,3,0,0
BRDA:82,3,1,1
BRDA:100,4,0,0
BRDA:100,4,1,1
BRF:10
BRH:3
end_of_record
TN:
SF:client/src/components/RelatedItems/YourOutfits.jsx
FN:7,(anonymous_0)
FN:22,(anonymous_1)
FN:27,(anonymous_2)
FN:32,(anonymous_3)
FN:37,(anonymous_4)
FN:56,(anonymous_5)
FN:77,(anonymous_6)
FN:88,(anonymous_7)
FN:94,(anonymous_8)
FN:120,(anonymous_9)
FNF:10
FNH:3
FNDA:1,(anonymous_0)
FNDA:1,(anonymous_1)
FNDA:0,(anonymous_2)
FNDA:0,(anonymous_3)
FNDA:0,(anonymous_4)
FNDA:0,(anonymous_5)
FNDA:0,(anonymous_6)
FNDA:0,(anonymous_7)
FNDA:1,(anonymous_8)
FNDA:0,(anonymous_9)
DA:8,1
DA:9,1
DA:16,1
DA:17,1
DA:18,1
DA:19,1
DA:24,1
DA:25,1
DA:26,1
DA:28,0
DA:33,0
DA:39,0
DA:43,0
DA:46,0
DA:49,0
DA:50,0
DA:58,0
DA:62,0
DA:64,0
DA:67,0
DA:70,0
DA:71,0
DA:79,0
DA:82,0
DA:83,0
DA:89,0
DA:90,0
DA:91,0
DA:95,1
DA:96,1
DA:97,1
DA:121,0
DA:146,3
DA:158,3
DA:175,3
DA:191,3
DA:208,3
DA:216,3
LF:38
LH:18
BRDA:49,0,0,0
BRDA:49,0,1,0
BRDA:70,1,0,0
BRDA:70,1,1,0
BRDA:100,2,0,1
BRDA:100,2,1,0
BRDA:131,3,0,0
BRDA:131,3,1,1
BRF:8
BRH:2
end_of_record
TN:
SF:client/src/components/Reviews/Ratings.jsx
FN:8,Ratings
FN:20,(anonymous_1)
FN:28,(anonymous_2)
FN:55,(anonymous_3)
FNF:4
FNH:2
FNDA:2,Ratings
FNDA:1,(anonymous_1)
FNDA:0,(anonymous_2)
FNDA:0,(anonymous_3)
DA:10,2
DA:11,2
DA:12,2
DA:14,2
DA:15,2
DA:16,2
DA:17,2
DA:18,2
DA:20,2
DA:22,1
DA:23,1
DA:24,1
DA:25,1
DA:26,1
DA:28,1
DA:29,0
DA:30,0
DA:31,0
DA:32,0
DA:33,0
DA:34,0
DA:35,0
DA:36,0
DA:37,0
DA:38,0
DA:43,1
DA:45,1
DA:46,1
DA:47,1
DA:48,1
DA:49,1
DA:51,1
DA:55,2
DA:57,0
DA:58,0
DA:59,0
DA:61,0
DA:64,0
DA:67,2
LF:39
LH:24
BRDA:29,0,0,0
BRDA:29,0,1,0
BRDA:31,1,0,0
BRDA:31,1,1,0
BRDA:33,2,0,0
BRDA:33,2,1,0
BRDA:35,3,0,0
BRDA:35,3,1,0
BRDA:37,4,0,0
BRDA:37,4,1,0
BRDA:58,5,0,0
BRDA:58,5,1,0
BRF:12
BRH:0
end_of_record
TN:
SF:client/src/components/Reviews/ReviewList.jsx
FN:12,ReviewList
FN:30,(anonymous_1)
FN:51,(anonymous_2)
FN:53,(anonymous_3)
FN:56,(anonymous_4)
FN:60,(anonymous_5)
FN:63,(anonymous_6)
FN:65,(anonymous_7)
FN:69,(anonymous_8)
FN:72,(anonymous_9)
FN:77,(anonymous_10)
FN:81,(anonymous_11)
FN:86,(anonymous_12)
FN:97,(anonymous_13)
FN:115,(anonymous_14)
FN:137,(anonymous_15)
FN:140,(anonymous_16)
FN:144,(anonymous_17)
FN:158,(anonymous_18)
FN:159,(anonymous_19)
FN:161,(anonymous_20)
FN:163,(anonymous_21)
FN:165,showDiv
FN:169,(anonymous_23)
FN:171,(anonymous_24)
FN:175,(anonymous_25)
FN:177,(anonymous_26)
FN:183,(anonymous_27)
FN:192,(anonymous_28)
FN:196,(anonymous_29)
FN:207,(anonymous_30)
FN:246,(anonymous_31)
FN:264,(anonymous_32)
FN:270,(anonymous_33)
FN:282,(anonymous_34)
FN:288,(anonymous_35)
FN:288,(anonymous_36)
FN:298,(anonymous_37)
FN:314,(anonymous_38)
FN:330,(anonymous_39)
FN:331,(anonymous_40)
FN:334,(anonymous_41)
FN:337,(anonymous_42)
FN:340,(anonymous_43)
FN:349,(anonymous_44)
FN:350,(anonymous_45)
FN:353,(anonymous_46)
FN:356,(anonymous_47)
FN:359,(anonymous_48)
FN:368,(anonymous_49)
FN:369,(anonymous_50)
FN:372,(anonymous_51)
FN:375,(anonymous_52)
FN:378,(anonymous_53)
FN:387,(anonymous_54)
FN:388,(anonymous_55)
FN:391,(anonymous_56)
FN:394,(anonymous_57)
FN:397,(anonymous_58)
FN:406,(anonymous_59)
FN:407,(anonymous_60)
FN:410,(anonymous_61)
FN:413,(anonymous_62)
FN:416,(anonymous_63)
FN:425,(anonymous_64)
FN:426,(anonymous_65)
FN:429,(anonymous_66)
FN:432,(anonymous_67)
FN:435,(anonymous_68)
FN:443,(anonymous_69)
FN:444,(anonymous_70)
FN:484,(anonymous_71)
FN:502,(anonymous_72)
FNF:73
FNH:7
FNDA:2,ReviewList
FNDA:1,(anonymous_1)
FNDA:1,(anonymous_2)
FNDA:0,(anonymous_3)
FNDA:0,(anonymous_4)
FNDA:0,(anonymous_5)
FNDA:1,(anonymous_6)
FNDA:0,(anonymous_7)
FNDA:0,(anonymous_8)
FNDA:1,(anonymous_9)
FNDA:0,(anonymous_10)
FNDA:0,(anonymous_11)
FNDA:0,(anonymous_12)
FNDA:0,(anonymous_13)
FNDA:0,(anonymous_14)
FNDA:0,(anonymous_15)
FNDA:2,(anonymous_16)
FNDA:0,(anonymous_17)
FNDA:0,(anonymous_18)
FNDA:0,(anonymous_19)
FNDA:0,(anonymous_20)
FNDA:0,(anonymous_21)
FNDA:0,showDiv
FNDA:0,(anonymous_23)
FNDA:0,(anonymous_24)
FNDA:0,(anonymous_25)
FNDA:0,(anonymous_26)
FNDA:0,(anonymous_27)
FNDA:1,(anonymous_28)
FNDA:0,(anonymous_29)
FNDA:0,(anonymous_30)
FNDA:0,(anonymous_31)
FNDA:0,(anonymous_32)
FNDA:0,(anonymous_33)
FNDA:0,(anonymous_34)
FNDA:0,(anonymous_35)
FNDA:0,(anonymous_36)
FNDA:0,(anonymous_37)
FNDA:0,(anonymous_38)
FNDA:0,(anonymous_39)
FNDA:0,(anonymous_40)
FNDA:0,(anonymous_41)
FNDA:0,(anonymous_42)
FNDA:0,(anonymous_43)
FNDA:0,(anonymous_44)
FNDA:0,(anonymous_45)
FNDA:0,(anonymous_46)
FNDA:0,(anonymous_47)
FNDA:0,(anonymous_48)
FNDA:0,(anonymous_49)
FNDA:0,(anonymous_50)
FNDA:0,(anonymous_51)
FNDA:0,(anonymous_52)
FNDA:0,(anonymous_53)
FNDA:0,(anonymous_54)
FNDA:0,(anonymous_55)
FNDA:0,(anonymous_56)
FNDA:0,(anonymous_57)
FNDA:0,(anonymous_58)
FNDA:0,(anonymous_59)
FNDA:0,(anonymous_60)
FNDA:0,(anonymous_61)
FNDA:0,(anonymous_62)
FNDA:0,(anonymous_63)
FNDA:0,(anonymous_64)
FNDA:0,(anonymous_65)
FNDA:0,(anonymous_66)
FNDA:0,(anonymous_67)
FNDA:0,(anonymous_68)
FNDA:0,(anonymous_69)
FNDA:0,(anonymous_70)
FNDA:0,(anonymous_71)
FNDA:0,(anonymous_72)
DA:20,2
DA:21,2
DA:22,2
DA:23,2
DA:24,2
DA:25,2
DA:26,2
DA:27,2
DA:28,2
DA:29,2
DA:30,2
DA:31,2
DA:32,2
DA:33,2
DA:34,2
DA:35,2
DA:37,2
DA:38,2
DA:39,2
DA:40,2
DA:41,2
DA:42,2
DA:43,2
DA:51,2
DA:52,1
DA:54,0
DA:56,0
DA:57,0
DA:58,0
DA:60,0
DA:63,2
DA:64,1
DA:66,0
DA:67,0
DA:69,0
DA:72,2
DA:73,1
DA:74,1
DA:77,2
DA:78,0
DA:81,2
DA:82,0
DA:86,2
DA:87,0
DA:88,0
DA:89,0
DA:90,0
DA:91,0
DA:97,2
DA:98,0
DA:99,0
DA:116,0
DA:117,0
DA:118,0
DA:119,0
DA:120,0
DA:121,0
DA:122,0
DA:123,0
DA:124,0
DA:125,0
DA:126,0
DA:127,0
DA:128,0
DA:129,0
DA:130,0
DA:131,0
DA:135,0
DA:137,0
DA:140,2
DA:141,2
DA:142,2
DA:144,2
DA:145,0
DA:146,0
DA:150,2
DA:151,2
DA:152,2
DA:153,2
DA:155,2
DA:157,2
DA:159,0
DA:162,0
DA:163,0
DA:166,0
DA:169,2
DA:170,0
DA:171,0
DA:172,0
DA:175,2
DA:176,0
DA:177,0
DA:178,0
DA:180,0
DA:183,2
DA:184,0
DA:185,0
DA:186,0
DA:187,0
DA:189,0
DA:192,2
DA:193,1
DA:195,1
DA:196,0
DA:197,0
DA:199,0
DA:200,0
DA:202,1
DA:203,1
DA:207,2
DA:208,0
DA:209,0
DA:211,0
DA:215,2
DA:247,0
DA:264,0
DA:282,0
DA:288,0
DA:298,0
DA:314,0
DA:330,0
DA:332,0
DA:335,0
DA:338,0
DA:341,0
DA:349,0
DA:351,0
DA:354,0
DA:357,0
DA:360,0
DA:368,0
DA:370,0
DA:373,0
DA:376,0
DA:379,0
DA:387,0
DA:389,0
DA:392,0
DA:395,0
DA:398,0
DA:406,0
DA:408,0
DA:411,0
DA:414,0
DA:417,0
DA:425,0
DA:427,0
DA:430,0
DA:433,0
DA:436,0
DA:443,0
DA:444,0
DA:485,0
DA:502,0
LF:154
LH:54
BRDA:56,0,0,0
BRDA:56,0,1,0
BRDA:87,1,0,0
BRDA:87,1,1,0
BRDA:90,2,0,0
BRDA:90,2,1,0
BRDA:116,3,0,0
BRDA:116,3,1,0
BRDA:118,4,0,0
BRDA:118,4,1,0
BRDA:120,5,0,0
BRDA:120,5,1,0
BRDA:122,6,0,0
BRDA:122,6,1,0
BRDA:124,7,0,0
BRDA:124,7,1,0
BRDA:126,8,0,0
BRDA:126,8,1,0
BRDA:128,9,0,0
BRDA:128,9,1,0
BRDA:130,10,0,0
BRDA:130,10,1,0
BRDA:145,11,0,0
BRDA:145,11,1,0
BRDA:171,12,0,0
BRDA:171,12,1,0
BRDA:178,13,0,0
BRDA:178,13,1,0
BRDA:184,14,0,0
BRDA:184,14,1,0
BRDA:186,15,0,0
BRDA:186,15,1,0
BRDA:195,16,0,0
BRDA:195,16,1,1
BRDA:208,17,0,0
BRDA:208,17,1,0
BRDA:216,18,0,0
BRDA:216,18,1,2
BRDA:263,19,0,0
BRDA:263,19,1,0
BRDA:263,20,0,0
BRDA:263,20,1,0
BRDA:263,20,2,0
BRDA:307,21,0,0
BRDA:307,21,1,0
BRDA:328,22,0,0
BRDA:328,22,1,0
BRDA:347,23,0,0
BRDA:347,23,1,0
BRDA:366,24,0,0
BRDA:366,24,1,0
BRDA:385,25,0,0
BRDA:385,25,1,0
BRDA:404,26,0,0
BRDA:404,26,1,0
BRDA:423,27,0,0
BRDA:423,27,1,0
BRDA:501,28,0,0
BRDA:501,28,1,2
BRDA:501,29,0,2
BRDA:501,29,1,0
BRDA:501,29,2,0
BRF:62
BRH:4
end_of_record
TN:
SF:client/src/components/Reviews/ReviewListEntry.jsx
FN:8,ReviewListEntry
FN:18,(anonymous_1)
FN:23,(anonymous_2)
FN:27,(anonymous_3)
FN:30,(anonymous_4)
FN:33,(anonymous_5)
FN:37,(anonymous_6)
FN:40,(anonymous_7)
FN:62,(anonymous_8)
FN:69,(anonymous_9)
FNF:10
FNH:2
FNDA:2,ReviewListEntry
FNDA:0,(anonymous_1)
FNDA:0,(anonymous_2)
FNDA:0,(anonymous_3)
FNDA:0,(anonymous_4)
FNDA:0,(anonymous_5)
FNDA:0,(anonymous_6)
FNDA:2,(anonymous_7)
FNDA:0,(anonymous_8)
FNDA:0,(anonymous_9)
DA:9,2
DA:10,2
DA:11,2
DA:12,2
DA:16,2
DA:18,2
DA:21,0
DA:22,0
DA:25,0
DA:27,0
DA:30,2
DA:31,0
DA:32,0
DA:35,0
DA:37,0
DA:40,2
DA:41,2
DA:42,0
DA:49,2
DA:62,0
DA:69,0
LF:21
LH:10
BRDA:41,0,0,0
BRDA:41,0,1,2
BRF:2
BRH:1
end_of_record
TN:
SF:client/test/sampleData.js
FNF:0
FNH:0
DA:1,1
DA:28,1
DA:40,1
DA:45,1
DA:72,1
LF:5
LH:5
BRF:0
BRH:0
end_of_record
